  [1m[35m (1.8ms)[0m  [1m[35mBEGIN[0m
  [1m[36mUser Exists (3.4ms)[0m  [1m[34mSELECT  1 AS one FROM "users" WHERE "users"."email" = $1 LIMIT $2[0m  [["email", "c@c.com"], ["LIMIT", 1]]
  [1m[35mSQL (6.2ms)[0m  [1m[32mINSERT INTO "users" ("email", "password_digest", "created_at", "updated_at") VALUES ($1, $2, $3, $4) RETURNING "id"[0m  [["email", "c@c.com"], ["password_digest", "$2a$10$EIJe7u4EVqDwBcR5r1ULieOLjM7w1B0ynyQ/2YbOSQUDt2.Nz7B8q"], ["created_at", 2017-02-28 17:32:32 UTC], ["updated_at", 2017-02-28 17:32:32 UTC]]
  [1m[35m (2.5ms)[0m  [1m[35mCOMMIT[0m
Started POST "/users/login" for ::1 at 2017-02-28 12:35:33 -0500
  [1m[36mActiveRecord::SchemaMigration Load (1.2ms)[0m  [1m[34mSELECT "schema_migrations".* FROM "schema_migrations"[0m
Processing by UsersController#login as */*
  Parameters: {"user"=>{"email"=>"a@a.com", "password"=>"[FILTERED]"}}
  [1m[36mUser Load (1.2ms)[0m  [1m[34mSELECT  "users".* FROM "users" WHERE "users"."email" = $1 LIMIT $2[0m  [["email", "a@a.com"], ["LIMIT", 1]]
Completed 200 OK in 545700ms (Views: 0.6ms | ActiveRecord: 44.5ms)


Started POST "/users/login" for ::1 at 2017-02-28 12:45:09 -0500
Started POST "/users/login" for ::1 at 2017-02-28 12:45:29 -0500
  [1m[36mActiveRecord::SchemaMigration Load (15.1ms)[0m  [1m[34mSELECT "schema_migrations".* FROM "schema_migrations"[0m
Processing by UsersController#login as */*
  Parameters: {"user"=>{"email"=>"a@a.com", "password"=>"[FILTERED]"}}
  [1m[36mUser Load (28.6ms)[0m  [1m[34mSELECT  "users".* FROM "users" WHERE "users"."email" = $1 LIMIT $2[0m  [["email", "a@a.com"], ["LIMIT", 1]]
Completed 200 OK in 212ms (Views: 1.2ms | ActiveRecord: 55.6ms)


Started GET "/users/1" for ::1 at 2017-02-28 13:04:53 -0500
Processing by UsersController#show as */*
  Parameters: {"id"=>"1"}
Completed 200 OK in 7343536ms (Views: 0.4ms | ActiveRecord: 0.0ms)


Started POST "/users/" for ::1 at 2017-02-28 15:10:31 -0500
Processing by UsersController#create as */*
  Parameters: {"user"=>{"email"=>"d@d.com", "password"=>"[FILTERED]"}}
  [1m[35m (0.4ms)[0m  [1m[35mBEGIN[0m
  [1m[36mUser Exists (1.8ms)[0m  [1m[34mSELECT  1 AS one FROM "users" WHERE "users"."email" = $1 LIMIT $2[0m  [["email", "d@d.com"], ["LIMIT", 1]]
  [1m[35mSQL (2.2ms)[0m  [1m[32mINSERT INTO "users" ("email", "password_digest", "created_at", "updated_at") VALUES ($1, $2, $3, $4) RETURNING "id"[0m  [["email", "d@d.com"], ["password_digest", "$2a$10$Fz/uj6HeyMDKcgH0Kt7bj.SuuGTojAJH3diR3QejUzHM2DVZb1WH."], ["created_at", 2017-02-28 20:10:32 UTC], ["updated_at", 2017-02-28 20:10:32 UTC]]
  [1m[35m (1.5ms)[0m  [1m[35mCOMMIT[0m
Completed 200 OK in 355ms (Views: 1.7ms | ActiveRecord: 5.9ms)


Started POST "/users/login" for ::1 at 2017-02-28 15:10:38 -0500
Processing by UsersController#login as */*
  Parameters: {"user"=>{"email"=>"d@d.com", "password"=>"[FILTERED]"}}
  [1m[36mUser Load (1.2ms)[0m  [1m[34mSELECT  "users".* FROM "users" WHERE "users"."email" = $1 LIMIT $2[0m  [["email", "d@d.com"], ["LIMIT", 1]]
Completed 200 OK in 192ms (Views: 0.9ms | ActiveRecord: 3.5ms)


Started GET "/users/4" for ::1 at 2017-02-28 15:10:55 -0500
Processing by UsersController#show as */*
  Parameters: {"id"=>"4"}
  [1m[36mUser Load (0.7ms)[0m  [1m[34mSELECT  "users".* FROM "users" WHERE "users"."id" = $1 LIMIT $2[0m  [["id", 4], ["LIMIT", 1]]
  [1m[36mCACHE (0.0ms)[0m  [1m[34mSELECT  "users".* FROM "users" WHERE "users"."id" = $1 LIMIT $2[0m  [["id", 4], ["LIMIT", 1]]
Completed 200 OK in 5ms (Views: 0.7ms | ActiveRecord: 0.7ms)


Started GET "/users/1" for ::1 at 2017-02-28 15:11:01 -0500
Processing by UsersController#show as */*
  Parameters: {"id"=>"1"}
  [1m[36mUser Load (1.6ms)[0m  [1m[34mSELECT  "users".* FROM "users" WHERE "users"."id" = $1 LIMIT $2[0m  [["id", 4], ["LIMIT", 1]]
Filter chain halted as :authorize rendered or redirected
Completed 200 OK in 8ms (Views: 0.5ms | ActiveRecord: 1.6ms)


Started GET "/users/2" for ::1 at 2017-02-28 15:11:05 -0500
Processing by UsersController#show as */*
  Parameters: {"id"=>"2"}
  [1m[36mUser Load (0.5ms)[0m  [1m[34mSELECT  "users".* FROM "users" WHERE "users"."id" = $1 LIMIT $2[0m  [["id", 4], ["LIMIT", 1]]
Filter chain halted as :authorize rendered or redirected
Completed 200 OK in 4ms (Views: 0.7ms | ActiveRecord: 0.5ms)


Started GET "/users/2" for ::1 at 2017-02-28 15:11:06 -0500
Processing by UsersController#show as */*
  Parameters: {"id"=>"2"}
  [1m[36mUser Load (0.7ms)[0m  [1m[34mSELECT  "users".* FROM "users" WHERE "users"."id" = $1 LIMIT $2[0m  [["id", 4], ["LIMIT", 1]]
Filter chain halted as :authorize rendered or redirected
Completed 200 OK in 3ms (Views: 0.3ms | ActiveRecord: 0.7ms)


Started GET "/users/3" for ::1 at 2017-02-28 15:11:08 -0500
Processing by UsersController#show as */*
  Parameters: {"id"=>"3"}
  [1m[36mUser Load (15.8ms)[0m  [1m[34mSELECT  "users".* FROM "users" WHERE "users"."id" = $1 LIMIT $2[0m  [["id", 4], ["LIMIT", 1]]
Filter chain halted as :authorize rendered or redirected
Completed 200 OK in 18ms (Views: 0.4ms | ActiveRecord: 15.8ms)


Started GET "/users/4" for ::1 at 2017-02-28 15:12:18 -0500
Processing by UsersController#show as */*
  Parameters: {"id"=>"4"}
  [1m[36mUser Load (0.6ms)[0m  [1m[34mSELECT  "users".* FROM "users" WHERE "users"."id" = $1 LIMIT $2[0m  [["id", 4], ["LIMIT", 1]]
  [1m[36mCACHE (0.0ms)[0m  [1m[34mSELECT  "users".* FROM "users" WHERE "users"."id" = $1 LIMIT $2[0m  [["id", 4], ["LIMIT", 1]]
Completed 200 OK in 4ms (Views: 0.8ms | ActiveRecord: 0.6ms)


  [1m[36mUser Load (0.8ms)[0m  [1m[34mSELECT  "users".* FROM "users" WHERE "users"."id" = $1 LIMIT $2[0m  [["id", 4], ["LIMIT", 1]]
  [1m[36mUser Load (0.9ms)[0m  [1m[34mSELECT  "users".* FROM "users" WHERE "users"."id" = $1 LIMIT $2[0m  [["id", 4], ["LIMIT", 1]]
Started GET "/users/4" for ::1 at 2017-02-28 15:26:10 -0500
Processing by UsersController#show as */*
  Parameters: {"id"=>"4"}
Completed 500 Internal Server Error in 36ms (Views: 4.3ms | ActiveRecord: 0.0ms)


  
NoMethodError (undefined method `[]' for nil:NilClass):
  
app/controllers/application_controller.rb:21:in `current_user'
app/controllers/application_controller.rb:7:in `authorize'
Started POST "/users/login" for ::1 at 2017-02-28 15:28:10 -0500
Processing by UsersController#login as */*
  Parameters: {"user"=>{"email"=>"d@d.com", "password"=>"[FILTERED]"}}
  [1m[36mUser Load (2.0ms)[0m  [1m[34mSELECT  "users".* FROM "users" WHERE "users"."email" = $1 LIMIT $2[0m  [["email", "d@d.com"], ["LIMIT", 1]]
Completed 200 OK in 177ms (Views: 16.9ms | ActiveRecord: 2.0ms)


Started GET "/users/1" for ::1 at 2017-02-28 15:28:29 -0500
Processing by UsersController#show as */*
  Parameters: {"id"=>"1"}
  [1m[36mUser Load (0.8ms)[0m  [1m[34mSELECT  "users".* FROM "users" WHERE "users"."id" = $1 LIMIT $2[0m  [["id", 4], ["LIMIT", 1]]
Filter chain halted as :authorize rendered or redirected
Completed 200 OK in 9ms (Views: 1.9ms | ActiveRecord: 0.8ms)


Started GET "/users/4" for ::1 at 2017-02-28 15:28:34 -0500
Processing by UsersController#show as */*
  Parameters: {"id"=>"4"}
  [1m[36mUser Load (0.5ms)[0m  [1m[34mSELECT  "users".* FROM "users" WHERE "users"."id" = $1 LIMIT $2[0m  [["id", 4], ["LIMIT", 1]]
  [1m[36mCACHE (0.0ms)[0m  [1m[34mSELECT  "users".* FROM "users" WHERE "users"."id" = $1 LIMIT $2[0m  [["id", 4], ["LIMIT", 1]]
Completed 200 OK in 3ms (Views: 0.7ms | ActiveRecord: 0.5ms)


Started GET "/users/4" for ::1 at 2017-02-28 15:33:14 -0500
Processing by UsersController#show as */*
  Parameters: {"id"=>"4"}
  [1m[36mUser Load (2.2ms)[0m  [1m[34mSELECT  "users".* FROM "users" WHERE "users"."id" = $1 LIMIT $2[0m  [["id", 4], ["LIMIT", 1]]
Completed 200 OK in 86ms (Views: 3.3ms | ActiveRecord: 2.2ms)


Started GET "/users/3" for ::1 at 2017-02-28 15:33:40 -0500
Processing by UsersController#show as */*
  Parameters: {"id"=>"3"}
  [1m[36mUser Load (4.1ms)[0m  [1m[34mSELECT  "users".* FROM "users" WHERE "users"."id" = $1 LIMIT $2[0m  [["id", 4], ["LIMIT", 1]]
Filter chain halted as :authorize rendered or redirected
Completed 200 OK in 12ms (Views: 0.6ms | ActiveRecord: 4.1ms)


Started GET "/users/3" for ::1 at 2017-02-28 15:34:18 -0500
Processing by UsersController#show as */*
  Parameters: {"id"=>"3"}
  [1m[36mUser Load (9.2ms)[0m  [1m[34mSELECT  "users".* FROM "users" WHERE "users"."id" = $1 LIMIT $2[0m  [["id", 4], ["LIMIT", 1]]
Filter chain halted as :authorize rendered or redirected
Completed 200 OK in 13ms (Views: 0.5ms | ActiveRecord: 9.2ms)


  [1m[36mUser Load (1.5ms)[0m  [1m[34mSELECT  "users".* FROM "users" WHERE "users"."id" = $1 LIMIT $2[0m  [["id", 1], ["LIMIT", 1]]
  [1m[36mUser Load (0.8ms)[0m  [1m[34mSELECT  "users".* FROM "users" WHERE "users"."id" = $1 LIMIT $2[0m  [["id", 1], ["LIMIT", 1]]
Started POST "/users/login" for ::1 at 2017-02-28 16:33:29 -0500
Processing by UsersController#login as HTML
  Parameters: {"user"=>{"email"=>"a@a.com", "password"=>"[FILTERED]"}}
  [1m[36mUser Load (0.8ms)[0m  [1m[34mSELECT  "users".* FROM "users" WHERE "users"."email" = $1 LIMIT $2[0m  [["email", "a@a.com"], ["LIMIT", 1]]
Completed 200 OK in 117ms (Views: 1.6ms | ActiveRecord: 0.8ms)


Started POST "/users/login" for ::1 at 2017-02-28 16:34:37 -0500
Processing by UsersController#login as HTML
  Parameters: {"user"=>{"email"=>"a@a.com", "password"=>"[FILTERED]"}}
  [1m[36mUser Load (2.3ms)[0m  [1m[34mSELECT  "users".* FROM "users" WHERE "users"."email" = $1 LIMIT $2[0m  [["email", "a@a.com"], ["LIMIT", 1]]
Completed 200 OK in 96ms (Views: 0.6ms | ActiveRecord: 2.3ms)


Started POST "/users/login" for ::1 at 2017-02-28 16:36:18 -0500
Processing by UsersController#login as HTML
  Parameters: {"user"=>{"email"=>"a@a.com", "password"=>"[FILTERED]"}}
  [1m[36mUser Load (0.7ms)[0m  [1m[34mSELECT  "users".* FROM "users" WHERE "users"."email" = $1 LIMIT $2[0m  [["email", "a@a.com"], ["LIMIT", 1]]
Completed 200 OK in 93ms (Views: 4.0ms | ActiveRecord: 0.7ms)


Started POST "/users/login" for ::1 at 2017-02-28 16:52:10 -0500
Processing by UsersController#login as HTML
  Parameters: {"user"=>{"email"=>"a@a.com", "password"=>"[FILTERED]"}}
  [1m[36mUser Load (3.7ms)[0m  [1m[34mSELECT  "users".* FROM "users" WHERE "users"."email" = $1 LIMIT $2[0m  [["email", "a@a.com"], ["LIMIT", 1]]
Completed 200 OK in 112ms (Views: 5.8ms | ActiveRecord: 3.7ms)


Started POST "/users/login" for ::1 at 2017-02-28 17:33:14 -0500
Processing by UsersController#login as HTML
  Parameters: {"user"=>{"email"=>"a@a.com", "password"=>"[FILTERED]"}}
  [1m[36mUser Load (14.8ms)[0m  [1m[34mSELECT  "users".* FROM "users" WHERE "users"."email" = $1 LIMIT $2[0m  [["email", "a@a.com"], ["LIMIT", 1]]
Completed 200 OK in 181ms (Views: 9.3ms | ActiveRecord: 14.8ms)


  [1m[35m (0.7ms)[0m  [1m[34mSELECT pg_try_advisory_lock(1477875455889230370);[0m
  [1m[36mActiveRecord::SchemaMigration Load (1.4ms)[0m  [1m[34mSELECT "schema_migrations".* FROM "schema_migrations"[0m
Migrating to CreateGifs (20170301152823)
  [1m[35m (0.4ms)[0m  [1m[35mBEGIN[0m
  [1m[35m (19.0ms)[0m  [1m[35mCREATE TABLE "gifs" ("id" serial primary key, "name" character varying, "url" character varying, "user_id" integer, "created_at" timestamp NOT NULL, "updated_at" timestamp NOT NULL)[0m
  [1m[35m (1.7ms)[0m  [1m[35mCREATE  INDEX  "index_gifs_on_user_id" ON "gifs"  ("user_id")[0m
  [1m[35mSQL (1.9ms)[0m  [1m[32mINSERT INTO "schema_migrations" ("version") VALUES ($1) RETURNING "version"[0m  [["version", "20170301152823"]]
  [1m[35m (0.7ms)[0m  [1m[35mCOMMIT[0m
  [1m[36mActiveRecord::InternalMetadata Load (1.4ms)[0m  [1m[34mSELECT  "ar_internal_metadata".* FROM "ar_internal_metadata" WHERE "ar_internal_metadata"."key" = $1 LIMIT $2[0m  [["key", :environment], ["LIMIT", 1]]
  [1m[35m (0.4ms)[0m  [1m[35mBEGIN[0m
  [1m[35m (0.2ms)[0m  [1m[35mCOMMIT[0m
  [1m[35m (0.3ms)[0m  [1m[34mSELECT pg_advisory_unlock(1477875455889230370)[0m
  [1m[36mActiveRecord::SchemaMigration Load (0.2ms)[0m  [1m[34mSELECT "schema_migrations".* FROM "schema_migrations"[0m
Started POST "/users/login" for ::1 at 2017-03-01 10:38:47 -0500
  [1m[36mActiveRecord::SchemaMigration Load (0.6ms)[0m  [1m[34mSELECT "schema_migrations".* FROM "schema_migrations"[0m
Processing by UsersController#login as HTML
  Parameters: {"user"=>{"email"=>"a@a.com", "password"=>"[FILTERED]"}}
  [1m[36mUser Load (1.5ms)[0m  [1m[34mSELECT  "users".* FROM "users" WHERE "users"."email" = $1 LIMIT $2[0m  [["email", "a@a.com"], ["LIMIT", 1]]
Completed 200 OK in 117ms (Views: 0.7ms | ActiveRecord: 9.9ms)


Started GET "/users/1/gifs" for ::1 at 2017-03-01 10:38:48 -0500
Processing by GifsController#index as HTML
  Parameters: {"user_id"=>"1"}
  [1m[36mUser Load (0.9ms)[0m  [1m[34mSELECT  "users".* FROM "users" WHERE "users"."id" = $1 LIMIT $2[0m  [["id", 1], ["LIMIT", 1]]
Completed 500 Internal Server Error in 11ms (ActiveRecord: 0.9ms)


  
NoMethodError (undefined method `gifs' for #<User:0x007fc7cfd3ee58>):
  
app/controllers/gifs_controller.rb:4:in `index'
Started POST "/users/login" for ::1 at 2017-03-01 10:39:31 -0500
  [1m[36mActiveRecord::SchemaMigration Load (10.6ms)[0m  [1m[34mSELECT "schema_migrations".* FROM "schema_migrations"[0m
Processing by UsersController#login as HTML
  Parameters: {"user"=>{"email"=>"a@a.com", "password"=>"[FILTERED]"}}
  [1m[36mUser Load (12.3ms)[0m  [1m[34mSELECT  "users".* FROM "users" WHERE "users"."email" = $1 LIMIT $2[0m  [["email", "a@a.com"], ["LIMIT", 1]]
Completed 200 OK in 113ms (Views: 0.8ms | ActiveRecord: 29.7ms)


Started GET "/users/1/gifs" for ::1 at 2017-03-01 10:39:32 -0500
Processing by GifsController#index as HTML
  Parameters: {"user_id"=>"1"}
  [1m[36mUser Load (12.3ms)[0m  [1m[34mSELECT  "users".* FROM "users" WHERE "users"."id" = $1 LIMIT $2[0m  [["id", 1], ["LIMIT", 1]]
Completed 500 Internal Server Error in 150ms (ActiveRecord: 12.3ms)


  
SyntaxError (/Users/colinhart/ga/classes/matey/wdi-remote-matey/unit_04/w13d02/instructor_notes/giphy_api/app/models/gif.rb:1: class/module name must be CONSTANT
class gif < ApplicationRecord
           ^):
  
app/models/gif.rb:1: class/module name must be CONSTANT
app/controllers/gifs_controller.rb:4:in `index'
Started POST "/users/login" for ::1 at 2017-03-01 10:39:46 -0500
Processing by UsersController#login as HTML
  Parameters: {"user"=>{"email"=>"a@a.com", "password"=>"[FILTERED]"}}
  [1m[36mUser Load (1.0ms)[0m  [1m[34mSELECT  "users".* FROM "users" WHERE "users"."email" = $1 LIMIT $2[0m  [["email", "a@a.com"], ["LIMIT", 1]]
Completed 200 OK in 80ms (Views: 0.5ms | ActiveRecord: 6.6ms)


Started GET "/users/1/gifs" for ::1 at 2017-03-01 10:39:46 -0500
Processing by GifsController#index as HTML
  Parameters: {"user_id"=>"1"}
  [1m[36mUser Load (10.0ms)[0m  [1m[34mSELECT  "users".* FROM "users" WHERE "users"."id" = $1 LIMIT $2[0m  [["id", 1], ["LIMIT", 1]]
  [1m[36mGif Load (1.1ms)[0m  [1m[34mSELECT "gifs".* FROM "gifs" WHERE "gifs"."user_id" = $1[0m  [["user_id", 1]]
Completed 200 OK in 128ms (Views: 4.8ms | ActiveRecord: 12.5ms)


Started POST "/users/login" for ::1 at 2017-03-01 10:40:24 -0500
Processing by UsersController#login as HTML
  Parameters: {"user"=>{"email"=>"a@a.com", "password"=>"[FILTERED]"}}
  [1m[36mUser Load (0.3ms)[0m  [1m[34mSELECT  "users".* FROM "users" WHERE "users"."email" = $1 LIMIT $2[0m  [["email", "a@a.com"], ["LIMIT", 1]]
Completed 200 OK in 70ms (Views: 1.2ms | ActiveRecord: 0.3ms)


Started GET "/users/1/gifs" for ::1 at 2017-03-01 10:40:24 -0500
Processing by GifsController#index as HTML
  Parameters: {"user_id"=>"1"}
  [1m[36mUser Load (1.1ms)[0m  [1m[34mSELECT  "users".* FROM "users" WHERE "users"."id" = $1 LIMIT $2[0m  [["id", 1], ["LIMIT", 1]]
  [1m[36mGif Load (1.8ms)[0m  [1m[34mSELECT "gifs".* FROM "gifs" WHERE "gifs"."user_id" = $1[0m  [["user_id", 1]]
Completed 200 OK in 73ms (Views: 54.8ms | ActiveRecord: 2.8ms)


Started POST "/users/login" for ::1 at 2017-03-01 10:45:15 -0500
Processing by UsersController#login as HTML
  Parameters: {"user"=>{"email"=>"a@a.com", "password"=>"[FILTERED]"}}
  [1m[36mUser Load (1.0ms)[0m  [1m[34mSELECT  "users".* FROM "users" WHERE "users"."email" = $1 LIMIT $2[0m  [["email", "a@a.com"], ["LIMIT", 1]]
Completed 200 OK in 122ms (Views: 4.9ms | ActiveRecord: 1.0ms)


Started GET "/users/1/gifs" for ::1 at 2017-03-01 10:45:16 -0500
Processing by GifsController#index as HTML
  Parameters: {"user_id"=>"1"}
  [1m[36mUser Load (0.7ms)[0m  [1m[34mSELECT  "users".* FROM "users" WHERE "users"."id" = $1 LIMIT $2[0m  [["id", 1], ["LIMIT", 1]]
  [1m[36mGif Load (1.4ms)[0m  [1m[34mSELECT "gifs".* FROM "gifs" WHERE "gifs"."user_id" = $1[0m  [["user_id", 1]]
Completed 200 OK in 14ms (Views: 1.7ms | ActiveRecord: 2.1ms)


Started POST "/users/login" for ::1 at 2017-03-01 10:46:52 -0500
Processing by UsersController#login as HTML
  Parameters: {"user"=>{"email"=>"a@a.com", "password"=>"[FILTERED]"}}
  [1m[36mUser Load (0.6ms)[0m  [1m[34mSELECT  "users".* FROM "users" WHERE "users"."email" = $1 LIMIT $2[0m  [["email", "a@a.com"], ["LIMIT", 1]]
Completed 200 OK in 75ms (Views: 1.4ms | ActiveRecord: 0.6ms)


Started GET "/users/1/gifs" for ::1 at 2017-03-01 10:46:52 -0500
Processing by GifsController#index as HTML
  Parameters: {"user_id"=>"1"}
  [1m[36mUser Load (4.4ms)[0m  [1m[34mSELECT  "users".* FROM "users" WHERE "users"."id" = $1 LIMIT $2[0m  [["id", 1], ["LIMIT", 1]]
  [1m[36mGif Load (3.6ms)[0m  [1m[34mSELECT "gifs".* FROM "gifs" WHERE "gifs"."user_id" = $1[0m  [["user_id", 1]]
Completed 200 OK in 17ms (Views: 2.6ms | ActiveRecord: 8.0ms)


Started POST "/users/1/gifs" for ::1 at 2017-03-01 10:47:14 -0500
Processing by GifsController#create as HTML
  Parameters: {"url"=>"http://media3.giphy.com/media/h6Txecx4Hr5OU/giphy.gif", "name"=>"dresses", "user_id"=>"1", "gif"=>{"name"=>"dresses", "url"=>"http://media3.giphy.com/media/h6Txecx4Hr5OU/giphy.gif"}}
Completed 500 Internal Server Error in 110ms (ActiveRecord: 0.0ms)


  
NameError (undefined local variable or method `user_params' for #<GifsController:0x007fc80b8abd28>
Did you mean?  user_path):
  
app/controllers/gifs_controller.rb:10:in `create'
Started POST "/users/1/gifs" for ::1 at 2017-03-01 10:47:45 -0500
Processing by GifsController#create as HTML
  Parameters: {"url"=>"http://media3.giphy.com/media/h6Txecx4Hr5OU/giphy.gif", "name"=>"dresses", "user_id"=>"1", "gif"=>{"name"=>"dresses", "url"=>"http://media3.giphy.com/media/h6Txecx4Hr5OU/giphy.gif"}}
  [1m[35m (0.2ms)[0m  [1m[35mBEGIN[0m
  [1m[35m (0.2ms)[0m  [1m[31mROLLBACK[0m
Completed 200 OK in 61ms (Views: 0.6ms | ActiveRecord: 8.0ms)


Started POST "/users/1/gifs" for ::1 at 2017-03-01 10:47:55 -0500
Processing by GifsController#create as HTML
  Parameters: {"url"=>"http://media3.giphy.com/media/h6Txecx4Hr5OU/giphy.gif", "name"=>"dresses", "user_id"=>"1", "gif"=>{"name"=>"dresses", "url"=>"http://media3.giphy.com/media/h6Txecx4Hr5OU/giphy.gif"}}
  [1m[36mUser Load (1.1ms)[0m  [1m[34mSELECT  "users".* FROM "users" WHERE "users"."id" = $1 LIMIT $2[0m  [["id", 1], ["LIMIT", 1]]
  [1m[35m (0.1ms)[0m  [1m[35mBEGIN[0m
  [1m[35m (0.3ms)[0m  [1m[31mROLLBACK[0m
Completed 200 OK in 35918ms (Views: 0.5ms | ActiveRecord: 11.4ms)


Started POST "/users/1/gifs" for ::1 at 2017-03-01 10:48:37 -0500
Processing by GifsController#create as HTML
  Parameters: {"url"=>"http://media3.giphy.com/media/h6Txecx4Hr5OU/giphy.gif", "name"=>"dresses", "user_id"=>"1", "gif"=>{"name"=>"dresses", "url"=>"http://media3.giphy.com/media/h6Txecx4Hr5OU/giphy.gif"}}
  [1m[36mUser Load (0.2ms)[0m  [1m[34mSELECT  "users".* FROM "users" WHERE "users"."id" = $1 LIMIT $2[0m  [["id", 1], ["LIMIT", 1]]
  [1m[35m (0.1ms)[0m  [1m[35mBEGIN[0m
  [1m[35mSQL (2.1ms)[0m  [1m[32mINSERT INTO "gifs" ("name", "url", "user_id", "created_at", "updated_at") VALUES ($1, $2, $3, $4, $5) RETURNING "id"[0m  [["name", "dresses"], ["url", "http://media3.giphy.com/media/h6Txecx4Hr5OU/giphy.gif"], ["user_id", 1], ["created_at", 2017-03-01 15:48:37 UTC], ["updated_at", 2017-03-01 15:48:37 UTC]]
  [1m[35m (19.6ms)[0m  [1m[35mCOMMIT[0m
Completed 200 OK in 52ms (Views: 0.5ms | ActiveRecord: 34.7ms)


Started GET "/users/1/gifs" for ::1 at 2017-03-01 10:48:40 -0500
Processing by GifsController#index as HTML
  Parameters: {"user_id"=>"1"}
  [1m[36mUser Load (0.3ms)[0m  [1m[34mSELECT  "users".* FROM "users" WHERE "users"."id" = $1 LIMIT $2[0m  [["id", 1], ["LIMIT", 1]]
  [1m[36mGif Load (0.4ms)[0m  [1m[34mSELECT "gifs".* FROM "gifs" WHERE "gifs"."user_id" = $1[0m  [["user_id", 1]]
Completed 200 OK in 5ms (Views: 1.7ms | ActiveRecord: 0.7ms)


Started PUT "/users/1/gifs/1" for ::1 at 2017-03-01 10:49:01 -0500
Processing by GifsController#update as HTML
  Parameters: {"name"=>"DRESSES", "url"=>"http://media3.giphy.com/media/h6Txecx4Hr5OU/giphy.gif", "user_id"=>"1", "id"=>"1", "gif"=>{"name"=>"DRESSES", "url"=>"http://media3.giphy.com/media/h6Txecx4Hr5OU/giphy.gif"}}
  [1m[36mGif Load (0.2ms)[0m  [1m[34mSELECT  "gifs".* FROM "gifs" WHERE "gifs"."id" = $1 LIMIT $2[0m  [["id", 1], ["LIMIT", 1]]
  [1m[35m (0.1ms)[0m  [1m[35mBEGIN[0m
  [1m[36mUser Load (0.2ms)[0m  [1m[34mSELECT  "users".* FROM "users" WHERE "users"."id" = $1 LIMIT $2[0m  [["id", 1], ["LIMIT", 1]]
  [1m[35mSQL (1.4ms)[0m  [1m[33mUPDATE "gifs" SET "name" = $1, "updated_at" = $2 WHERE "gifs"."id" = $3[0m  [["name", "DRESSES"], ["updated_at", 2017-03-01 15:49:01 UTC], ["id", 1]]
  [1m[35m (0.3ms)[0m  [1m[35mCOMMIT[0m
Completed 200 OK in 10ms (Views: 0.4ms | ActiveRecord: 2.3ms)


Started GET "/users/1/gifs" for ::1 at 2017-03-01 10:49:11 -0500
Processing by GifsController#index as HTML
  Parameters: {"user_id"=>"1"}
  [1m[36mUser Load (0.4ms)[0m  [1m[34mSELECT  "users".* FROM "users" WHERE "users"."id" = $1 LIMIT $2[0m  [["id", 1], ["LIMIT", 1]]
  [1m[36mGif Load (0.5ms)[0m  [1m[34mSELECT "gifs".* FROM "gifs" WHERE "gifs"."user_id" = $1[0m  [["user_id", 1]]
Completed 200 OK in 5ms (Views: 2.1ms | ActiveRecord: 0.9ms)


Started PUT "/users/1/gifs/1" for ::1 at 2017-03-01 10:49:33 -0500
Processing by GifsController#update as HTML
  Parameters: {"name"=>"colors", "url"=>"http://media3.giphy.com/media/h6Txecx4Hr5OU/giphy.gif", "user_id"=>"1", "id"=>"1", "gif"=>{"name"=>"colors", "url"=>"http://media3.giphy.com/media/h6Txecx4Hr5OU/giphy.gif"}}
  [1m[36mGif Load (0.3ms)[0m  [1m[34mSELECT  "gifs".* FROM "gifs" WHERE "gifs"."id" = $1 LIMIT $2[0m  [["id", 1], ["LIMIT", 1]]
  [1m[35m (0.1ms)[0m  [1m[35mBEGIN[0m
  [1m[36mUser Load (0.2ms)[0m  [1m[34mSELECT  "users".* FROM "users" WHERE "users"."id" = $1 LIMIT $2[0m  [["id", 1], ["LIMIT", 1]]
  [1m[35mSQL (0.4ms)[0m  [1m[33mUPDATE "gifs" SET "name" = $1, "updated_at" = $2 WHERE "gifs"."id" = $3[0m  [["name", "colors"], ["updated_at", 2017-03-01 15:49:33 UTC], ["id", 1]]
  [1m[35m (0.4ms)[0m  [1m[35mCOMMIT[0m
Completed 200 OK in 6ms (Views: 0.9ms | ActiveRecord: 1.4ms)


Started PUT "/users/1/gifs/1" for ::1 at 2017-03-01 10:50:54 -0500
Processing by GifsController#update as HTML
  Parameters: {"name"=>"COLORS", "url"=>"http://media3.giphy.com/media/h6Txecx4Hr5OU/giphy.gif", "user_id"=>"1", "id"=>"1", "gif"=>{"name"=>"COLORS", "url"=>"http://media3.giphy.com/media/h6Txecx4Hr5OU/giphy.gif"}}
  [1m[36mGif Load (0.4ms)[0m  [1m[34mSELECT  "gifs".* FROM "gifs" WHERE "gifs"."id" = $1 LIMIT $2[0m  [["id", 1], ["LIMIT", 1]]
  [1m[35m (0.1ms)[0m  [1m[35mBEGIN[0m
  [1m[36mUser Load (0.2ms)[0m  [1m[34mSELECT  "users".* FROM "users" WHERE "users"."id" = $1 LIMIT $2[0m  [["id", 1], ["LIMIT", 1]]
  [1m[35mSQL (0.6ms)[0m  [1m[33mUPDATE "gifs" SET "name" = $1, "updated_at" = $2 WHERE "gifs"."id" = $3[0m  [["name", "COLORS"], ["updated_at", 2017-03-01 15:50:54 UTC], ["id", 1]]
  [1m[35m (0.4ms)[0m  [1m[35mCOMMIT[0m
  [1m[36mUser Load (0.3ms)[0m  [1m[34mSELECT  "users".* FROM "users" WHERE "users"."id" = $1 LIMIT $2[0m  [["id", 1], ["LIMIT", 1]]
  [1m[36mGif Load (0.3ms)[0m  [1m[34mSELECT "gifs".* FROM "gifs" WHERE "gifs"."user_id" = $1[0m  [["user_id", 1]]
Completed 200 OK in 39ms (Views: 3.8ms | ActiveRecord: 9.8ms)


Started POST "/users/login" for ::1 at 2017-03-01 10:51:57 -0500
Processing by UsersController#login as HTML
  Parameters: {"user"=>{"email"=>"a@a.com", "password"=>"[FILTERED]"}}
  [1m[36mUser Load (0.7ms)[0m  [1m[34mSELECT  "users".* FROM "users" WHERE "users"."email" = $1 LIMIT $2[0m  [["email", "a@a.com"], ["LIMIT", 1]]
Completed 200 OK in 73ms (Views: 1.4ms | ActiveRecord: 0.7ms)


Started GET "/users/1/gifs" for ::1 at 2017-03-01 10:51:57 -0500
Processing by GifsController#index as HTML
  Parameters: {"user_id"=>"1"}
  [1m[36mUser Load (2.1ms)[0m  [1m[34mSELECT  "users".* FROM "users" WHERE "users"."id" = $1 LIMIT $2[0m  [["id", 1], ["LIMIT", 1]]
  [1m[36mGif Load (11.8ms)[0m  [1m[34mSELECT "gifs".* FROM "gifs" WHERE "gifs"."user_id" = $1[0m  [["user_id", 1]]
Completed 200 OK in 32ms (Views: 9.0ms | ActiveRecord: 13.9ms)


Started POST "/users/login" for ::1 at 2017-03-01 10:52:25 -0500
Processing by UsersController#login as HTML
  Parameters: {"user"=>{"email"=>"a@a.com", "password"=>"[FILTERED]"}}
  [1m[36mUser Load (0.4ms)[0m  [1m[34mSELECT  "users".* FROM "users" WHERE "users"."email" = $1 LIMIT $2[0m  [["email", "a@a.com"], ["LIMIT", 1]]
Completed 200 OK in 69ms (Views: 0.7ms | ActiveRecord: 0.4ms)


Started GET "/users/1/gifs" for ::1 at 2017-03-01 10:52:25 -0500
Processing by GifsController#index as HTML
  Parameters: {"user_id"=>"1"}
  [1m[36mUser Load (0.6ms)[0m  [1m[34mSELECT  "users".* FROM "users" WHERE "users"."id" = $1 LIMIT $2[0m  [["id", 1], ["LIMIT", 1]]
  [1m[36mGif Load (0.6ms)[0m  [1m[34mSELECT "gifs".* FROM "gifs" WHERE "gifs"."user_id" = $1[0m  [["user_id", 1]]
Completed 200 OK in 8ms (Views: 2.5ms | ActiveRecord: 1.2ms)


Started POST "/users/1/gifs" for ::1 at 2017-03-01 10:52:36 -0500
Processing by GifsController#create as HTML
  Parameters: {"url"=>"http://media4.giphy.com/media/uLGU15ZlBFfLW/giphy.gif", "name"=>"smokes", "user_id"=>"1", "gif"=>{"name"=>"smokes", "url"=>"http://media4.giphy.com/media/uLGU15ZlBFfLW/giphy.gif"}}
  [1m[36mUser Load (0.2ms)[0m  [1m[34mSELECT  "users".* FROM "users" WHERE "users"."id" = $1 LIMIT $2[0m  [["id", 1], ["LIMIT", 1]]
  [1m[35m (1.2ms)[0m  [1m[35mBEGIN[0m
  [1m[35mSQL (1.3ms)[0m  [1m[32mINSERT INTO "gifs" ("name", "url", "user_id", "created_at", "updated_at") VALUES ($1, $2, $3, $4, $5) RETURNING "id"[0m  [["name", "smokes"], ["url", "http://media4.giphy.com/media/uLGU15ZlBFfLW/giphy.gif"], ["user_id", 1], ["created_at", 2017-03-01 15:52:36 UTC], ["updated_at", 2017-03-01 15:52:36 UTC]]
  [1m[35m (0.9ms)[0m  [1m[35mCOMMIT[0m
Completed 200 OK in 13ms (Views: 0.9ms | ActiveRecord: 3.7ms)


Started PUT "/users/1/gifs/2" for ::1 at 2017-03-01 10:52:43 -0500
Processing by GifsController#update as HTML
  Parameters: {"name"=>"SMOKES", "url"=>"http://media4.giphy.com/media/uLGU15ZlBFfLW/giphy.gif", "user_id"=>"1", "id"=>"2", "gif"=>{"name"=>"SMOKES", "url"=>"http://media4.giphy.com/media/uLGU15ZlBFfLW/giphy.gif"}}
  [1m[36mGif Load (0.4ms)[0m  [1m[34mSELECT  "gifs".* FROM "gifs" WHERE "gifs"."id" = $1 LIMIT $2[0m  [["id", 2], ["LIMIT", 1]]
  [1m[35m (0.1ms)[0m  [1m[35mBEGIN[0m
  [1m[36mUser Load (0.4ms)[0m  [1m[34mSELECT  "users".* FROM "users" WHERE "users"."id" = $1 LIMIT $2[0m  [["id", 1], ["LIMIT", 1]]
  [1m[35mSQL (1.3ms)[0m  [1m[33mUPDATE "gifs" SET "name" = $1, "updated_at" = $2 WHERE "gifs"."id" = $3[0m  [["name", "SMOKES"], ["updated_at", 2017-03-01 15:52:43 UTC], ["id", 2]]
  [1m[35m (1.2ms)[0m  [1m[35mCOMMIT[0m
  [1m[36mUser Load (0.3ms)[0m  [1m[34mSELECT  "users".* FROM "users" WHERE "users"."id" = $1 LIMIT $2[0m  [["id", 1], ["LIMIT", 1]]
  [1m[36mGif Load (0.3ms)[0m  [1m[34mSELECT "gifs".* FROM "gifs" WHERE "gifs"."user_id" = $1[0m  [["user_id", 1]]
Completed 200 OK in 16ms (Views: 2.4ms | ActiveRecord: 3.9ms)


Started GET "/users/1/gifs" for ::1 at 2017-03-01 10:52:46 -0500
Processing by GifsController#index as HTML
  Parameters: {"user_id"=>"1"}
  [1m[36mUser Load (1.0ms)[0m  [1m[34mSELECT  "users".* FROM "users" WHERE "users"."id" = $1 LIMIT $2[0m  [["id", 1], ["LIMIT", 1]]
  [1m[36mGif Load (0.9ms)[0m  [1m[34mSELECT "gifs".* FROM "gifs" WHERE "gifs"."user_id" = $1[0m  [["user_id", 1]]
Completed 200 OK in 7ms (Views: 2.6ms | ActiveRecord: 1.9ms)


Started DELETE "/users/1/gifs/undefined" for ::1 at 2017-03-01 10:52:47 -0500
Processing by GifsController#destroy as HTML
  Parameters: {"user_id"=>"1", "id"=>"undefined"}
Completed 404 Not Found in 1ms (ActiveRecord: 0.0ms)


  
ActiveRecord::RecordNotFound (Couldn't find Gif without an ID):
  
app/controllers/gifs_controller.rb:27:in `destroy'
Started DELETE "/users/1/gifs/undefined" for ::1 at 2017-03-01 10:53:22 -0500
Processing by GifsController#destroy as HTML
  Parameters: {"user_id"=>"1", "id"=>"undefined"}
  [1m[36mGif Load (0.5ms)[0m  [1m[34mSELECT  "gifs".* FROM "gifs" WHERE "gifs"."id" = $1 LIMIT $2[0m  [["id", 0], ["LIMIT", 1]]
Completed 404 Not Found in 17ms (ActiveRecord: 6.9ms)


  
ActiveRecord::RecordNotFound (Couldn't find Gif with 'id'=undefined):
  
app/controllers/gifs_controller.rb:27:in `destroy'
Started POST "/users/login" for ::1 at 2017-03-01 10:54:06 -0500
Processing by UsersController#login as HTML
  Parameters: {"user"=>{"email"=>"a@a.com", "password"=>"[FILTERED]"}}
  [1m[36mUser Load (0.3ms)[0m  [1m[34mSELECT  "users".* FROM "users" WHERE "users"."email" = $1 LIMIT $2[0m  [["email", "a@a.com"], ["LIMIT", 1]]
Completed 200 OK in 86ms (Views: 1.0ms | ActiveRecord: 5.9ms)


Started GET "/users/1/gifs" for ::1 at 2017-03-01 10:54:06 -0500
Processing by GifsController#index as HTML
  Parameters: {"user_id"=>"1"}
  [1m[36mUser Load (5.4ms)[0m  [1m[34mSELECT  "users".* FROM "users" WHERE "users"."id" = $1 LIMIT $2[0m  [["id", 1], ["LIMIT", 1]]
  [1m[36mGif Load (6.9ms)[0m  [1m[34mSELECT "gifs".* FROM "gifs" WHERE "gifs"."user_id" = $1[0m  [["user_id", 1]]
Completed 200 OK in 52ms (Views: 25.9ms | ActiveRecord: 12.3ms)


Started GET "/users/1/gifs" for ::1 at 2017-03-01 10:54:08 -0500
Processing by GifsController#index as HTML
  Parameters: {"user_id"=>"1"}
  [1m[36mUser Load (0.6ms)[0m  [1m[34mSELECT  "users".* FROM "users" WHERE "users"."id" = $1 LIMIT $2[0m  [["id", 1], ["LIMIT", 1]]
  [1m[36mGif Load (0.4ms)[0m  [1m[34mSELECT "gifs".* FROM "gifs" WHERE "gifs"."user_id" = $1[0m  [["user_id", 1]]
Completed 200 OK in 10ms (Views: 2.4ms | ActiveRecord: 1.0ms)


Started DELETE "/users/1/gifs/undefined" for ::1 at 2017-03-01 10:54:10 -0500
Processing by GifsController#destroy as HTML
  Parameters: {"user_id"=>"1", "id"=>"undefined"}
  [1m[36mGif Load (1.3ms)[0m  [1m[34mSELECT  "gifs".* FROM "gifs" WHERE "gifs"."id" = $1 LIMIT $2[0m  [["id", 0], ["LIMIT", 1]]
Completed 404 Not Found in 5ms (ActiveRecord: 1.3ms)


  
ActiveRecord::RecordNotFound (Couldn't find Gif with 'id'=undefined):
  
app/controllers/gifs_controller.rb:27:in `destroy'
Started POST "/users/login" for ::1 at 2017-03-01 10:54:58 -0500
Processing by UsersController#login as HTML
  Parameters: {"user"=>{"email"=>"a@a.com", "password"=>"[FILTERED]"}}
  [1m[36mUser Load (0.7ms)[0m  [1m[34mSELECT  "users".* FROM "users" WHERE "users"."email" = $1 LIMIT $2[0m  [["email", "a@a.com"], ["LIMIT", 1]]
Completed 200 OK in 95ms (Views: 0.5ms | ActiveRecord: 0.7ms)


Started GET "/users/1/gifs" for ::1 at 2017-03-01 10:54:58 -0500
Processing by GifsController#index as HTML
  Parameters: {"user_id"=>"1"}
  [1m[36mUser Load (0.3ms)[0m  [1m[34mSELECT  "users".* FROM "users" WHERE "users"."id" = $1 LIMIT $2[0m  [["id", 1], ["LIMIT", 1]]
  [1m[36mGif Load (0.3ms)[0m  [1m[34mSELECT "gifs".* FROM "gifs" WHERE "gifs"."user_id" = $1[0m  [["user_id", 1]]
Completed 200 OK in 17ms (Views: 2.5ms | ActiveRecord: 0.6ms)


Started GET "/users/1/gifs" for ::1 at 2017-03-01 10:55:01 -0500
Processing by GifsController#index as HTML
  Parameters: {"user_id"=>"1"}
  [1m[36mUser Load (5.1ms)[0m  [1m[34mSELECT  "users".* FROM "users" WHERE "users"."id" = $1 LIMIT $2[0m  [["id", 1], ["LIMIT", 1]]
  [1m[36mGif Load (3.0ms)[0m  [1m[34mSELECT "gifs".* FROM "gifs" WHERE "gifs"."user_id" = $1[0m  [["user_id", 1]]
Completed 200 OK in 16ms (Views: 2.9ms | ActiveRecord: 8.1ms)


Started DELETE "/users/1/gifs/undefined" for ::1 at 2017-03-01 10:55:02 -0500
Processing by GifsController#destroy as HTML
  Parameters: {"user_id"=>"1", "id"=>"undefined"}
  [1m[36mGif Load (0.6ms)[0m  [1m[34mSELECT  "gifs".* FROM "gifs" WHERE "gifs"."id" = $1 LIMIT $2[0m  [["id", 0], ["LIMIT", 1]]
Completed 404 Not Found in 3ms (ActiveRecord: 0.6ms)


  
ActiveRecord::RecordNotFound (Couldn't find Gif with 'id'=undefined):
  
app/controllers/gifs_controller.rb:27:in `destroy'
Started POST "/users/login" for ::1 at 2017-03-01 10:55:21 -0500
Processing by UsersController#login as HTML
  Parameters: {"user"=>{"email"=>"a@a.com", "password"=>"[FILTERED]"}}
  [1m[36mUser Load (0.3ms)[0m  [1m[34mSELECT  "users".* FROM "users" WHERE "users"."email" = $1 LIMIT $2[0m  [["email", "a@a.com"], ["LIMIT", 1]]
Completed 200 OK in 68ms (Views: 0.4ms | ActiveRecord: 0.3ms)


Started GET "/users/1/gifs" for ::1 at 2017-03-01 10:55:22 -0500
Processing by GifsController#index as HTML
  Parameters: {"user_id"=>"1"}
  [1m[36mUser Load (0.7ms)[0m  [1m[34mSELECT  "users".* FROM "users" WHERE "users"."id" = $1 LIMIT $2[0m  [["id", 1], ["LIMIT", 1]]
  [1m[36mGif Load (0.5ms)[0m  [1m[34mSELECT "gifs".* FROM "gifs" WHERE "gifs"."user_id" = $1[0m  [["user_id", 1]]
Completed 200 OK in 7ms (Views: 3.3ms | ActiveRecord: 1.2ms)


Started GET "/users/1/gifs" for ::1 at 2017-03-01 10:55:23 -0500
Processing by GifsController#index as HTML
  Parameters: {"user_id"=>"1"}
  [1m[36mUser Load (0.5ms)[0m  [1m[34mSELECT  "users".* FROM "users" WHERE "users"."id" = $1 LIMIT $2[0m  [["id", 1], ["LIMIT", 1]]
  [1m[36mGif Load (0.3ms)[0m  [1m[34mSELECT "gifs".* FROM "gifs" WHERE "gifs"."user_id" = $1[0m  [["user_id", 1]]
Completed 200 OK in 7ms (Views: 2.2ms | ActiveRecord: 0.8ms)


Started DELETE "/users/1/gifs/undefined" for ::1 at 2017-03-01 10:55:25 -0500
Processing by GifsController#destroy as HTML
  Parameters: {"user_id"=>"1", "id"=>"undefined"}
  [1m[36mGif Load (0.9ms)[0m  [1m[34mSELECT  "gifs".* FROM "gifs" WHERE "gifs"."id" = $1 LIMIT $2[0m  [["id", 0], ["LIMIT", 1]]
Completed 404 Not Found in 4ms (ActiveRecord: 0.9ms)


  
ActiveRecord::RecordNotFound (Couldn't find Gif with 'id'=undefined):
  
app/controllers/gifs_controller.rb:27:in `destroy'
Started POST "/users/login" for ::1 at 2017-03-01 10:56:01 -0500
Processing by UsersController#login as HTML
  Parameters: {"user"=>{"email"=>"a@a.com", "password"=>"[FILTERED]"}}
  [1m[36mUser Load (0.3ms)[0m  [1m[34mSELECT  "users".* FROM "users" WHERE "users"."email" = $1 LIMIT $2[0m  [["email", "a@a.com"], ["LIMIT", 1]]
Completed 200 OK in 68ms (Views: 0.6ms | ActiveRecord: 0.3ms)


Started GET "/users/1/gifs" for ::1 at 2017-03-01 10:56:01 -0500
Processing by GifsController#index as HTML
  Parameters: {"user_id"=>"1"}
  [1m[36mUser Load (4.5ms)[0m  [1m[34mSELECT  "users".* FROM "users" WHERE "users"."id" = $1 LIMIT $2[0m  [["id", 1], ["LIMIT", 1]]
  [1m[36mGif Load (11.3ms)[0m  [1m[34mSELECT "gifs".* FROM "gifs" WHERE "gifs"."user_id" = $1[0m  [["user_id", 1]]
Completed 200 OK in 27ms (Views: 2.5ms | ActiveRecord: 15.8ms)


Started GET "/users/1/gifs" for ::1 at 2017-03-01 10:56:02 -0500
Processing by GifsController#index as HTML
  Parameters: {"user_id"=>"1"}
  [1m[36mUser Load (0.3ms)[0m  [1m[34mSELECT  "users".* FROM "users" WHERE "users"."id" = $1 LIMIT $2[0m  [["id", 1], ["LIMIT", 1]]
  [1m[36mGif Load (0.4ms)[0m  [1m[34mSELECT "gifs".* FROM "gifs" WHERE "gifs"."user_id" = $1[0m  [["user_id", 1]]
Completed 200 OK in 6ms (Views: 3.5ms | ActiveRecord: 0.7ms)


Started POST "/users/login" for ::1 at 2017-03-01 10:56:36 -0500
Processing by UsersController#login as HTML
  Parameters: {"user"=>{"email"=>"a@a.com", "password"=>"[FILTERED]"}}
  [1m[36mUser Load (0.2ms)[0m  [1m[34mSELECT  "users".* FROM "users" WHERE "users"."email" = $1 LIMIT $2[0m  [["email", "a@a.com"], ["LIMIT", 1]]
Completed 200 OK in 68ms (Views: 0.4ms | ActiveRecord: 0.2ms)


Started GET "/users/1/gifs" for ::1 at 2017-03-01 10:56:36 -0500
Processing by GifsController#index as HTML
  Parameters: {"user_id"=>"1"}
  [1m[36mUser Load (6.0ms)[0m  [1m[34mSELECT  "users".* FROM "users" WHERE "users"."id" = $1 LIMIT $2[0m  [["id", 1], ["LIMIT", 1]]
  [1m[36mGif Load (10.6ms)[0m  [1m[34mSELECT "gifs".* FROM "gifs" WHERE "gifs"."user_id" = $1[0m  [["user_id", 1]]
Completed 200 OK in 24ms (Views: 5.0ms | ActiveRecord: 16.6ms)


Started GET "/users/1/gifs" for ::1 at 2017-03-01 10:56:37 -0500
Processing by GifsController#index as HTML
  Parameters: {"user_id"=>"1"}
  [1m[36mUser Load (0.3ms)[0m  [1m[34mSELECT  "users".* FROM "users" WHERE "users"."id" = $1 LIMIT $2[0m  [["id", 1], ["LIMIT", 1]]
  [1m[36mGif Load (0.6ms)[0m  [1m[34mSELECT "gifs".* FROM "gifs" WHERE "gifs"."user_id" = $1[0m  [["user_id", 1]]
Completed 200 OK in 6ms (Views: 2.1ms | ActiveRecord: 0.9ms)


Started POST "/users/login" for ::1 at 2017-03-01 10:57:56 -0500
  [1m[36mActiveRecord::SchemaMigration Load (0.8ms)[0m  [1m[34mSELECT "schema_migrations".* FROM "schema_migrations"[0m
Processing by UsersController#login as HTML
  Parameters: {"user"=>{"email"=>"a@a.com", "password"=>"[FILTERED]"}}
  [1m[36mUser Load (0.6ms)[0m  [1m[34mSELECT  "users".* FROM "users" WHERE "users"."email" = $1 LIMIT $2[0m  [["email", "a@a.com"], ["LIMIT", 1]]
Completed 200 OK in 90ms (Views: 1.3ms | ActiveRecord: 7.2ms)


Started GET "/users/1/gifs" for ::1 at 2017-03-01 10:57:57 -0500
Processing by GifsController#index as HTML
  Parameters: {"user_id"=>"1"}
  [1m[36mUser Load (3.1ms)[0m  [1m[34mSELECT  "users".* FROM "users" WHERE "users"."id" = $1 LIMIT $2[0m  [["id", 1], ["LIMIT", 1]]
  [1m[36mGif Load (0.5ms)[0m  [1m[34mSELECT "gifs".* FROM "gifs" WHERE "gifs"."user_id" = $1[0m  [["user_id", 1]]
Completed 200 OK in 254ms (Views: 20.8ms | ActiveRecord: 8.2ms)


Started GET "/users/1/gifs" for ::1 at 2017-03-01 10:58:00 -0500
Processing by GifsController#index as HTML
  Parameters: {"user_id"=>"1"}
  [1m[36mUser Load (0.5ms)[0m  [1m[34mSELECT  "users".* FROM "users" WHERE "users"."id" = $1 LIMIT $2[0m  [["id", 1], ["LIMIT", 1]]
  [1m[36mGif Load (0.3ms)[0m  [1m[34mSELECT "gifs".* FROM "gifs" WHERE "gifs"."user_id" = $1[0m  [["user_id", 1]]
Completed 200 OK in 8ms (Views: 3.2ms | ActiveRecord: 0.8ms)


Started DELETE "/users/1/gifs/undefined" for ::1 at 2017-03-01 10:58:31 -0500
Processing by GifsController#destroy as HTML
  Parameters: {"user_id"=>"1", "id"=>"undefined"}
  [1m[36mGif Load (0.8ms)[0m  [1m[34mSELECT  "gifs".* FROM "gifs" WHERE "gifs"."id" = $1 LIMIT $2[0m  [["id", 0], ["LIMIT", 1]]
Completed 404 Not Found in 3ms (ActiveRecord: 0.8ms)


  
ActiveRecord::RecordNotFound (Couldn't find Gif with 'id'=undefined):
  
app/controllers/gifs_controller.rb:27:in `destroy'
Started POST "/users/login" for ::1 at 2017-03-01 10:58:48 -0500
Processing by UsersController#login as HTML
  Parameters: {"user"=>{"email"=>"a@a.com", "password"=>"[FILTERED]"}}
  [1m[36mUser Load (0.4ms)[0m  [1m[34mSELECT  "users".* FROM "users" WHERE "users"."email" = $1 LIMIT $2[0m  [["email", "a@a.com"], ["LIMIT", 1]]
Completed 200 OK in 68ms (Views: 0.5ms | ActiveRecord: 0.4ms)


Started GET "/users/1/gifs" for ::1 at 2017-03-01 10:58:48 -0500
Processing by GifsController#index as HTML
  Parameters: {"user_id"=>"1"}
  [1m[36mUser Load (0.9ms)[0m  [1m[34mSELECT  "users".* FROM "users" WHERE "users"."id" = $1 LIMIT $2[0m  [["id", 1], ["LIMIT", 1]]
  [1m[36mGif Load (0.6ms)[0m  [1m[34mSELECT "gifs".* FROM "gifs" WHERE "gifs"."user_id" = $1[0m  [["user_id", 1]]
Completed 200 OK in 11ms (Views: 4.5ms | ActiveRecord: 1.5ms)


Started GET "/users/1/gifs" for ::1 at 2017-03-01 10:58:51 -0500
Processing by GifsController#index as HTML
  Parameters: {"user_id"=>"1"}
  [1m[36mUser Load (0.4ms)[0m  [1m[34mSELECT  "users".* FROM "users" WHERE "users"."id" = $1 LIMIT $2[0m  [["id", 1], ["LIMIT", 1]]
  [1m[36mGif Load (0.3ms)[0m  [1m[34mSELECT "gifs".* FROM "gifs" WHERE "gifs"."user_id" = $1[0m  [["user_id", 1]]
Completed 200 OK in 6ms (Views: 1.6ms | ActiveRecord: 0.7ms)


Started POST "/users/login" for ::1 at 2017-03-01 10:59:22 -0500
Processing by UsersController#login as HTML
  Parameters: {"user"=>{"email"=>"a@a.com", "password"=>"[FILTERED]"}}
  [1m[36mUser Load (0.6ms)[0m  [1m[34mSELECT  "users".* FROM "users" WHERE "users"."email" = $1 LIMIT $2[0m  [["email", "a@a.com"], ["LIMIT", 1]]
Completed 200 OK in 69ms (Views: 0.7ms | ActiveRecord: 0.6ms)


Started GET "/users/1/gifs" for ::1 at 2017-03-01 10:59:22 -0500
Processing by GifsController#index as HTML
  Parameters: {"user_id"=>"1"}
  [1m[36mUser Load (19.2ms)[0m  [1m[34mSELECT  "users".* FROM "users" WHERE "users"."id" = $1 LIMIT $2[0m  [["id", 1], ["LIMIT", 1]]
  [1m[36mGif Load (0.5ms)[0m  [1m[34mSELECT "gifs".* FROM "gifs" WHERE "gifs"."user_id" = $1[0m  [["user_id", 1]]
Completed 200 OK in 40ms (Views: 10.4ms | ActiveRecord: 19.7ms)


Started GET "/users/1/gifs" for ::1 at 2017-03-01 10:59:23 -0500
Processing by GifsController#index as HTML
  Parameters: {"user_id"=>"1"}
  [1m[36mUser Load (0.7ms)[0m  [1m[34mSELECT  "users".* FROM "users" WHERE "users"."id" = $1 LIMIT $2[0m  [["id", 1], ["LIMIT", 1]]
  [1m[36mGif Load (0.3ms)[0m  [1m[34mSELECT "gifs".* FROM "gifs" WHERE "gifs"."user_id" = $1[0m  [["user_id", 1]]
Completed 200 OK in 6ms (Views: 2.0ms | ActiveRecord: 1.0ms)


Started POST "/users/login" for ::1 at 2017-03-01 10:59:36 -0500
Processing by UsersController#login as HTML
  Parameters: {"user"=>{"email"=>"a@a.com", "password"=>"[FILTERED]"}}
  [1m[36mUser Load (0.4ms)[0m  [1m[34mSELECT  "users".* FROM "users" WHERE "users"."email" = $1 LIMIT $2[0m  [["email", "a@a.com"], ["LIMIT", 1]]
Completed 200 OK in 71ms (Views: 0.6ms | ActiveRecord: 0.4ms)


Started GET "/users/1/gifs" for ::1 at 2017-03-01 10:59:36 -0500
Processing by GifsController#index as HTML
  Parameters: {"user_id"=>"1"}
  [1m[36mUser Load (0.3ms)[0m  [1m[34mSELECT  "users".* FROM "users" WHERE "users"."id" = $1 LIMIT $2[0m  [["id", 1], ["LIMIT", 1]]
  [1m[36mGif Load (1.1ms)[0m  [1m[34mSELECT "gifs".* FROM "gifs" WHERE "gifs"."user_id" = $1[0m  [["user_id", 1]]
Completed 200 OK in 10ms (Views: 4.3ms | ActiveRecord: 1.5ms)


Started GET "/users/1/gifs" for ::1 at 2017-03-01 10:59:38 -0500
Processing by GifsController#index as HTML
  Parameters: {"user_id"=>"1"}
  [1m[36mUser Load (0.2ms)[0m  [1m[34mSELECT  "users".* FROM "users" WHERE "users"."id" = $1 LIMIT $2[0m  [["id", 1], ["LIMIT", 1]]
  [1m[36mGif Load (0.3ms)[0m  [1m[34mSELECT "gifs".* FROM "gifs" WHERE "gifs"."user_id" = $1[0m  [["user_id", 1]]
Completed 200 OK in 6ms (Views: 3.1ms | ActiveRecord: 0.6ms)


Started POST "/users/login" for ::1 at 2017-03-01 10:59:59 -0500
Processing by UsersController#login as HTML
  Parameters: {"user"=>{"email"=>"a@a.com", "password"=>"[FILTERED]"}}
  [1m[36mUser Load (0.3ms)[0m  [1m[34mSELECT  "users".* FROM "users" WHERE "users"."email" = $1 LIMIT $2[0m  [["email", "a@a.com"], ["LIMIT", 1]]
Completed 200 OK in 87ms (Views: 0.5ms | ActiveRecord: 0.3ms)


Started GET "/users/1/gifs" for ::1 at 2017-03-01 11:00:00 -0500
Processing by GifsController#index as HTML
  Parameters: {"user_id"=>"1"}
  [1m[36mUser Load (2.6ms)[0m  [1m[34mSELECT  "users".* FROM "users" WHERE "users"."id" = $1 LIMIT $2[0m  [["id", 1], ["LIMIT", 1]]
  [1m[36mGif Load (0.5ms)[0m  [1m[34mSELECT "gifs".* FROM "gifs" WHERE "gifs"."user_id" = $1[0m  [["user_id", 1]]
Completed 200 OK in 20ms (Views: 7.2ms | ActiveRecord: 3.1ms)


Started GET "/users/1/gifs" for ::1 at 2017-03-01 11:00:01 -0500
Processing by GifsController#index as HTML
  Parameters: {"user_id"=>"1"}
  [1m[36mUser Load (0.3ms)[0m  [1m[34mSELECT  "users".* FROM "users" WHERE "users"."id" = $1 LIMIT $2[0m  [["id", 1], ["LIMIT", 1]]
  [1m[36mGif Load (0.3ms)[0m  [1m[34mSELECT "gifs".* FROM "gifs" WHERE "gifs"."user_id" = $1[0m  [["user_id", 1]]
Completed 200 OK in 7ms (Views: 3.6ms | ActiveRecord: 0.7ms)


Started POST "/users/login" for ::1 at 2017-03-01 11:01:38 -0500
Processing by UsersController#login as HTML
  Parameters: {"user"=>{"email"=>"a@a.com", "password"=>"[FILTERED]"}}
  [1m[36mUser Load (1.0ms)[0m  [1m[34mSELECT  "users".* FROM "users" WHERE "users"."email" = $1 LIMIT $2[0m  [["email", "a@a.com"], ["LIMIT", 1]]
Completed 200 OK in 165ms (Views: 5.3ms | ActiveRecord: 1.0ms)


Started GET "/users/1/gifs" for ::1 at 2017-03-01 11:01:39 -0500
Processing by GifsController#index as HTML
  Parameters: {"user_id"=>"1"}
  [1m[36mUser Load (0.7ms)[0m  [1m[34mSELECT  "users".* FROM "users" WHERE "users"."id" = $1 LIMIT $2[0m  [["id", 1], ["LIMIT", 1]]
  [1m[36mGif Load (3.8ms)[0m  [1m[34mSELECT "gifs".* FROM "gifs" WHERE "gifs"."user_id" = $1[0m  [["user_id", 1]]
Completed 200 OK in 72ms (Views: 14.6ms | ActiveRecord: 4.5ms)


Started POST "/users/1/gifs" for ::1 at 2017-03-01 11:01:43 -0500
Processing by GifsController#create as HTML
  Parameters: {"url"=>"http://media0.giphy.com/media/rwMWXohlEcJmU/giphy.gif", "name"=>"record", "user_id"=>"1", "gif"=>{"name"=>"record", "url"=>"http://media0.giphy.com/media/rwMWXohlEcJmU/giphy.gif"}}
  [1m[36mUser Load (0.4ms)[0m  [1m[34mSELECT  "users".* FROM "users" WHERE "users"."id" = $1 LIMIT $2[0m  [["id", 1], ["LIMIT", 1]]
  [1m[35m (0.2ms)[0m  [1m[35mBEGIN[0m
  [1m[35mSQL (1.6ms)[0m  [1m[32mINSERT INTO "gifs" ("name", "url", "user_id", "created_at", "updated_at") VALUES ($1, $2, $3, $4, $5) RETURNING "id"[0m  [["name", "record"], ["url", "http://media0.giphy.com/media/rwMWXohlEcJmU/giphy.gif"], ["user_id", 1], ["created_at", 2017-03-01 16:01:43 UTC], ["updated_at", 2017-03-01 16:01:43 UTC]]
  [1m[35m (2.5ms)[0m  [1m[35mCOMMIT[0m
Completed 200 OK in 27ms (Views: 1.1ms | ActiveRecord: 4.7ms)


Started PUT "/users/1/gifs/3" for ::1 at 2017-03-01 11:01:48 -0500
Processing by GifsController#update as HTML
  Parameters: {"name"=>"RECORD", "url"=>"http://media0.giphy.com/media/rwMWXohlEcJmU/giphy.gif", "user_id"=>"1", "id"=>"3", "gif"=>{"name"=>"RECORD", "url"=>"http://media0.giphy.com/media/rwMWXohlEcJmU/giphy.gif"}}
  [1m[36mGif Load (0.7ms)[0m  [1m[34mSELECT  "gifs".* FROM "gifs" WHERE "gifs"."id" = $1 LIMIT $2[0m  [["id", 3], ["LIMIT", 1]]
  [1m[35m (0.5ms)[0m  [1m[35mBEGIN[0m
  [1m[36mUser Load (0.4ms)[0m  [1m[34mSELECT  "users".* FROM "users" WHERE "users"."id" = $1 LIMIT $2[0m  [["id", 1], ["LIMIT", 1]]
  [1m[35mSQL (1.2ms)[0m  [1m[33mUPDATE "gifs" SET "name" = $1, "updated_at" = $2 WHERE "gifs"."id" = $3[0m  [["name", "RECORD"], ["updated_at", 2017-03-01 16:01:48 UTC], ["id", 3]]
  [1m[35m (1.3ms)[0m  [1m[35mCOMMIT[0m
  [1m[36mUser Load (0.4ms)[0m  [1m[34mSELECT  "users".* FROM "users" WHERE "users"."id" = $1 LIMIT $2[0m  [["id", 1], ["LIMIT", 1]]
  [1m[36mGif Load (0.3ms)[0m  [1m[34mSELECT "gifs".* FROM "gifs" WHERE "gifs"."user_id" = $1[0m  [["user_id", 1]]
Completed 200 OK in 48ms (Views: 4.2ms | ActiveRecord: 4.8ms)


Started DELETE "/users/1/gifs/undefined" for ::1 at 2017-03-01 11:01:52 -0500
Processing by GifsController#destroy as HTML
  Parameters: {"user_id"=>"1", "id"=>"undefined"}
  [1m[36mGif Load (0.7ms)[0m  [1m[34mSELECT  "gifs".* FROM "gifs" WHERE "gifs"."id" = $1 LIMIT $2[0m  [["id", 0], ["LIMIT", 1]]
Completed 404 Not Found in 4ms (ActiveRecord: 0.7ms)


  
ActiveRecord::RecordNotFound (Couldn't find Gif with 'id'=undefined):
  
app/controllers/gifs_controller.rb:27:in `destroy'
Started DELETE "/users/1/gifs/undefined" for ::1 at 2017-03-01 11:01:58 -0500
Processing by GifsController#destroy as HTML
  Parameters: {"user_id"=>"1", "id"=>"undefined"}
  [1m[36mGif Load (0.5ms)[0m  [1m[34mSELECT  "gifs".* FROM "gifs" WHERE "gifs"."id" = $1 LIMIT $2[0m  [["id", 0], ["LIMIT", 1]]
Completed 404 Not Found in 2ms (ActiveRecord: 0.5ms)


  
ActiveRecord::RecordNotFound (Couldn't find Gif with 'id'=undefined):
  
app/controllers/gifs_controller.rb:27:in `destroy'
Started DELETE "/users/1/gifs/undefined" for ::1 at 2017-03-01 11:01:59 -0500
Processing by GifsController#destroy as HTML
  Parameters: {"user_id"=>"1", "id"=>"undefined"}
  [1m[36mGif Load (0.5ms)[0m  [1m[34mSELECT  "gifs".* FROM "gifs" WHERE "gifs"."id" = $1 LIMIT $2[0m  [["id", 0], ["LIMIT", 1]]
Completed 404 Not Found in 5ms (ActiveRecord: 0.5ms)


  
ActiveRecord::RecordNotFound (Couldn't find Gif with 'id'=undefined):
  
app/controllers/gifs_controller.rb:27:in `destroy'
Started DELETE "/users/1/gifs/undefined" for ::1 at 2017-03-01 11:01:59 -0500
Processing by GifsController#destroy as HTML
  Parameters: {"user_id"=>"1", "id"=>"undefined"}
  [1m[36mGif Load (4.0ms)[0m  [1m[34mSELECT  "gifs".* FROM "gifs" WHERE "gifs"."id" = $1 LIMIT $2[0m  [["id", 0], ["LIMIT", 1]]
Completed 404 Not Found in 9ms (ActiveRecord: 4.0ms)


  
ActiveRecord::RecordNotFound (Couldn't find Gif with 'id'=undefined):
  
app/controllers/gifs_controller.rb:27:in `destroy'
Started POST "/users/login" for ::1 at 2017-03-01 11:03:03 -0500
Processing by UsersController#login as HTML
  Parameters: {"user"=>{"email"=>"a@a.com", "password"=>"[FILTERED]"}}
  [1m[36mUser Load (0.3ms)[0m  [1m[34mSELECT  "users".* FROM "users" WHERE "users"."email" = $1 LIMIT $2[0m  [["email", "a@a.com"], ["LIMIT", 1]]
Completed 200 OK in 86ms (Views: 1.1ms | ActiveRecord: 0.3ms)


Started GET "/users/1/gifs" for ::1 at 2017-03-01 11:03:04 -0500
Processing by GifsController#index as HTML
  Parameters: {"user_id"=>"1"}
  [1m[36mUser Load (56.0ms)[0m  [1m[34mSELECT  "users".* FROM "users" WHERE "users"."id" = $1 LIMIT $2[0m  [["id", 1], ["LIMIT", 1]]
  [1m[36mGif Load (0.3ms)[0m  [1m[34mSELECT "gifs".* FROM "gifs" WHERE "gifs"."user_id" = $1[0m  [["user_id", 1]]
Completed 200 OK in 69ms (Views: 4.2ms | ActiveRecord: 56.3ms)


Started GET "/users/1/gifs" for ::1 at 2017-03-01 11:03:04 -0500
Processing by GifsController#index as HTML
  Parameters: {"user_id"=>"1"}
  [1m[36mUser Load (0.8ms)[0m  [1m[34mSELECT  "users".* FROM "users" WHERE "users"."id" = $1 LIMIT $2[0m  [["id", 1], ["LIMIT", 1]]
  [1m[36mGif Load (0.4ms)[0m  [1m[34mSELECT "gifs".* FROM "gifs" WHERE "gifs"."user_id" = $1[0m  [["user_id", 1]]
Completed 200 OK in 8ms (Views: 4.5ms | ActiveRecord: 1.1ms)


Started POST "/users/login" for ::1 at 2017-03-01 11:04:06 -0500
Processing by UsersController#login as HTML
  Parameters: {"user"=>{"email"=>"a@a.com", "password"=>"[FILTERED]"}}
  [1m[36mUser Load (0.3ms)[0m  [1m[34mSELECT  "users".* FROM "users" WHERE "users"."email" = $1 LIMIT $2[0m  [["email", "a@a.com"], ["LIMIT", 1]]
Completed 200 OK in 78ms (Views: 1.9ms | ActiveRecord: 0.3ms)


Started GET "/users/1/gifs" for ::1 at 2017-03-01 11:04:06 -0500
Processing by GifsController#index as HTML
  Parameters: {"user_id"=>"1"}
  [1m[36mUser Load (0.6ms)[0m  [1m[34mSELECT  "users".* FROM "users" WHERE "users"."id" = $1 LIMIT $2[0m  [["id", 1], ["LIMIT", 1]]
  [1m[36mGif Load (0.4ms)[0m  [1m[34mSELECT "gifs".* FROM "gifs" WHERE "gifs"."user_id" = $1[0m  [["user_id", 1]]
Completed 200 OK in 19ms (Views: 7.3ms | ActiveRecord: 1.0ms)


Started GET "/users/1/gifs" for ::1 at 2017-03-01 11:04:07 -0500
Processing by GifsController#index as HTML
  Parameters: {"user_id"=>"1"}
  [1m[36mUser Load (0.4ms)[0m  [1m[34mSELECT  "users".* FROM "users" WHERE "users"."id" = $1 LIMIT $2[0m  [["id", 1], ["LIMIT", 1]]
  [1m[36mGif Load (0.4ms)[0m  [1m[34mSELECT "gifs".* FROM "gifs" WHERE "gifs"."user_id" = $1[0m  [["user_id", 1]]
Completed 200 OK in 8ms (Views: 5.4ms | ActiveRecord: 0.8ms)


Started POST "/users/login" for ::1 at 2017-03-01 11:04:58 -0500
Processing by UsersController#login as HTML
  Parameters: {"user"=>{"email"=>"a@a.com", "password"=>"[FILTERED]"}}
  [1m[36mUser Load (0.3ms)[0m  [1m[34mSELECT  "users".* FROM "users" WHERE "users"."email" = $1 LIMIT $2[0m  [["email", "a@a.com"], ["LIMIT", 1]]
Completed 200 OK in 71ms (Views: 0.6ms | ActiveRecord: 0.3ms)


Started GET "/users/1/gifs" for ::1 at 2017-03-01 11:04:58 -0500
Processing by GifsController#index as HTML
  Parameters: {"user_id"=>"1"}
  [1m[36mUser Load (4.6ms)[0m  [1m[34mSELECT  "users".* FROM "users" WHERE "users"."id" = $1 LIMIT $2[0m  [["id", 1], ["LIMIT", 1]]
  [1m[36mGif Load (14.8ms)[0m  [1m[34mSELECT "gifs".* FROM "gifs" WHERE "gifs"."user_id" = $1[0m  [["user_id", 1]]
Completed 200 OK in 40ms (Views: 15.2ms | ActiveRecord: 19.4ms)


Started GET "/users/1/gifs" for ::1 at 2017-03-01 11:04:59 -0500
Processing by GifsController#index as HTML
  Parameters: {"user_id"=>"1"}
  [1m[36mUser Load (1.0ms)[0m  [1m[34mSELECT  "users".* FROM "users" WHERE "users"."id" = $1 LIMIT $2[0m  [["id", 1], ["LIMIT", 1]]
  [1m[36mGif Load (0.5ms)[0m  [1m[34mSELECT "gifs".* FROM "gifs" WHERE "gifs"."user_id" = $1[0m  [["user_id", 1]]
Completed 200 OK in 7ms (Views: 2.6ms | ActiveRecord: 1.5ms)


Started POST "/users/login" for ::1 at 2017-03-01 11:05:27 -0500
Processing by UsersController#login as HTML
  Parameters: {"user"=>{"email"=>"a@a.com", "password"=>"[FILTERED]"}}
  [1m[36mUser Load (0.3ms)[0m  [1m[34mSELECT  "users".* FROM "users" WHERE "users"."email" = $1 LIMIT $2[0m  [["email", "a@a.com"], ["LIMIT", 1]]
Completed 200 OK in 132ms (Views: 1.4ms | ActiveRecord: 0.3ms)


Started GET "/users/1/gifs" for ::1 at 2017-03-01 11:05:27 -0500
Processing by GifsController#index as HTML
  Parameters: {"user_id"=>"1"}
  [1m[36mUser Load (1.7ms)[0m  [1m[34mSELECT  "users".* FROM "users" WHERE "users"."id" = $1 LIMIT $2[0m  [["id", 1], ["LIMIT", 1]]
  [1m[36mGif Load (0.3ms)[0m  [1m[34mSELECT "gifs".* FROM "gifs" WHERE "gifs"."user_id" = $1[0m  [["user_id", 1]]
Completed 200 OK in 14ms (Views: 5.2ms | ActiveRecord: 2.0ms)


Started GET "/users/1/gifs" for ::1 at 2017-03-01 11:05:29 -0500
Processing by GifsController#index as HTML
  Parameters: {"user_id"=>"1"}
  [1m[36mUser Load (0.4ms)[0m  [1m[34mSELECT  "users".* FROM "users" WHERE "users"."id" = $1 LIMIT $2[0m  [["id", 1], ["LIMIT", 1]]
  [1m[36mGif Load (0.2ms)[0m  [1m[34mSELECT "gifs".* FROM "gifs" WHERE "gifs"."user_id" = $1[0m  [["user_id", 1]]
Completed 200 OK in 7ms (Views: 3.0ms | ActiveRecord: 0.6ms)


Started POST "/users/login" for ::1 at 2017-03-01 11:06:23 -0500
Processing by UsersController#login as HTML
  Parameters: {"user"=>{"email"=>"a@a.com", "password"=>"[FILTERED]"}}
  [1m[36mUser Load (0.4ms)[0m  [1m[34mSELECT  "users".* FROM "users" WHERE "users"."email" = $1 LIMIT $2[0m  [["email", "a@a.com"], ["LIMIT", 1]]
Completed 200 OK in 81ms (Views: 0.6ms | ActiveRecord: 0.4ms)


Started GET "/users/1/gifs" for ::1 at 2017-03-01 11:06:23 -0500
Processing by GifsController#index as HTML
  Parameters: {"user_id"=>"1"}
  [1m[36mUser Load (0.3ms)[0m  [1m[34mSELECT  "users".* FROM "users" WHERE "users"."id" = $1 LIMIT $2[0m  [["id", 1], ["LIMIT", 1]]
  [1m[36mGif Load (0.4ms)[0m  [1m[34mSELECT "gifs".* FROM "gifs" WHERE "gifs"."user_id" = $1[0m  [["user_id", 1]]
Completed 200 OK in 20ms (Views: 15.3ms | ActiveRecord: 0.7ms)


Started GET "/users/1/gifs" for ::1 at 2017-03-01 11:06:24 -0500
Processing by GifsController#index as HTML
  Parameters: {"user_id"=>"1"}
  [1m[36mUser Load (3.1ms)[0m  [1m[34mSELECT  "users".* FROM "users" WHERE "users"."id" = $1 LIMIT $2[0m  [["id", 1], ["LIMIT", 1]]
  [1m[36mGif Load (2.2ms)[0m  [1m[34mSELECT "gifs".* FROM "gifs" WHERE "gifs"."user_id" = $1[0m  [["user_id", 1]]
Completed 200 OK in 14ms (Views: 4.6ms | ActiveRecord: 5.3ms)


Started POST "/users/login" for ::1 at 2017-03-01 11:07:26 -0500
Processing by UsersController#login as HTML
  Parameters: {"user"=>{"email"=>"a@a.com", "password"=>"[FILTERED]"}}
  [1m[36mUser Load (0.6ms)[0m  [1m[34mSELECT  "users".* FROM "users" WHERE "users"."email" = $1 LIMIT $2[0m  [["email", "a@a.com"], ["LIMIT", 1]]
Completed 200 OK in 78ms (Views: 0.8ms | ActiveRecord: 0.6ms)


Started GET "/users/1/gifs" for ::1 at 2017-03-01 11:07:26 -0500
Processing by GifsController#index as HTML
  Parameters: {"user_id"=>"1"}
  [1m[36mUser Load (4.0ms)[0m  [1m[34mSELECT  "users".* FROM "users" WHERE "users"."id" = $1 LIMIT $2[0m  [["id", 1], ["LIMIT", 1]]
  [1m[36mGif Load (12.8ms)[0m  [1m[34mSELECT "gifs".* FROM "gifs" WHERE "gifs"."user_id" = $1[0m  [["user_id", 1]]
Completed 200 OK in 29ms (Views: 7.6ms | ActiveRecord: 16.8ms)


Started POST "/users/1/gifs" for ::1 at 2017-03-01 11:07:33 -0500
Processing by GifsController#create as HTML
  Parameters: {"url"=>"http://media2.giphy.com/media/LorFpi4PWN1u0/giphy.gif", "name"=>"got", "user_id"=>"1", "gif"=>{"name"=>"got", "url"=>"http://media2.giphy.com/media/LorFpi4PWN1u0/giphy.gif"}}
  [1m[36mUser Load (0.3ms)[0m  [1m[34mSELECT  "users".* FROM "users" WHERE "users"."id" = $1 LIMIT $2[0m  [["id", 1], ["LIMIT", 1]]
  [1m[35m (0.3ms)[0m  [1m[35mBEGIN[0m
  [1m[35mSQL (1.0ms)[0m  [1m[32mINSERT INTO "gifs" ("name", "url", "user_id", "created_at", "updated_at") VALUES ($1, $2, $3, $4, $5) RETURNING "id"[0m  [["name", "got"], ["url", "http://media2.giphy.com/media/LorFpi4PWN1u0/giphy.gif"], ["user_id", 1], ["created_at", 2017-03-01 16:07:33 UTC], ["updated_at", 2017-03-01 16:07:33 UTC]]
  [1m[35m (1.7ms)[0m  [1m[35mCOMMIT[0m
Completed 200 OK in 22ms (Views: 1.1ms | ActiveRecord: 3.3ms)


Started PUT "/users/1/gifs/4" for ::1 at 2017-03-01 11:07:39 -0500
Processing by GifsController#update as HTML
  Parameters: {"name"=>"GOT", "url"=>"http://media2.giphy.com/media/LorFpi4PWN1u0/giphy.gif", "user_id"=>"1", "id"=>"4", "gif"=>{"name"=>"GOT", "url"=>"http://media2.giphy.com/media/LorFpi4PWN1u0/giphy.gif"}}
  [1m[36mGif Load (0.8ms)[0m  [1m[34mSELECT  "gifs".* FROM "gifs" WHERE "gifs"."id" = $1 LIMIT $2[0m  [["id", 4], ["LIMIT", 1]]
  [1m[35m (0.3ms)[0m  [1m[35mBEGIN[0m
  [1m[36mUser Load (0.3ms)[0m  [1m[34mSELECT  "users".* FROM "users" WHERE "users"."id" = $1 LIMIT $2[0m  [["id", 1], ["LIMIT", 1]]
  [1m[35mSQL (0.7ms)[0m  [1m[33mUPDATE "gifs" SET "name" = $1, "updated_at" = $2 WHERE "gifs"."id" = $3[0m  [["name", "GOT"], ["updated_at", 2017-03-01 16:07:39 UTC], ["id", 4]]
  [1m[35m (1.5ms)[0m  [1m[35mCOMMIT[0m
  [1m[36mUser Load (0.3ms)[0m  [1m[34mSELECT  "users".* FROM "users" WHERE "users"."id" = $1 LIMIT $2[0m  [["id", 1], ["LIMIT", 1]]
  [1m[36mGif Load (0.4ms)[0m  [1m[34mSELECT "gifs".* FROM "gifs" WHERE "gifs"."user_id" = $1[0m  [["user_id", 1]]
Completed 200 OK in 41ms (Views: 24.4ms | ActiveRecord: 4.3ms)


Started DELETE "/users/1/gifs/undefined" for ::1 at 2017-03-01 11:07:43 -0500
Processing by GifsController#destroy as HTML
  Parameters: {"user_id"=>"1", "id"=>"undefined"}
  [1m[36mGif Load (0.6ms)[0m  [1m[34mSELECT  "gifs".* FROM "gifs" WHERE "gifs"."id" = $1 LIMIT $2[0m  [["id", 0], ["LIMIT", 1]]
Completed 404 Not Found in 4ms (ActiveRecord: 0.6ms)


  
ActiveRecord::RecordNotFound (Couldn't find Gif with 'id'=undefined):
  
app/controllers/gifs_controller.rb:27:in `destroy'
Started DELETE "/users/1/gifs/undefined" for ::1 at 2017-03-01 11:07:44 -0500
Processing by GifsController#destroy as HTML
  Parameters: {"user_id"=>"1", "id"=>"undefined"}
  [1m[36mGif Load (0.6ms)[0m  [1m[34mSELECT  "gifs".* FROM "gifs" WHERE "gifs"."id" = $1 LIMIT $2[0m  [["id", 0], ["LIMIT", 1]]
Completed 404 Not Found in 4ms (ActiveRecord: 0.6ms)


  
ActiveRecord::RecordNotFound (Couldn't find Gif with 'id'=undefined):
  
app/controllers/gifs_controller.rb:27:in `destroy'
Started DELETE "/users/1/gifs/undefined" for ::1 at 2017-03-01 11:07:45 -0500
Processing by GifsController#destroy as HTML
  Parameters: {"user_id"=>"1", "id"=>"undefined"}
  [1m[36mGif Load (0.6ms)[0m  [1m[34mSELECT  "gifs".* FROM "gifs" WHERE "gifs"."id" = $1 LIMIT $2[0m  [["id", 0], ["LIMIT", 1]]
Completed 404 Not Found in 6ms (ActiveRecord: 0.6ms)


  
ActiveRecord::RecordNotFound (Couldn't find Gif with 'id'=undefined):
  
app/controllers/gifs_controller.rb:27:in `destroy'
Started POST "/users/login" for ::1 at 2017-03-01 11:08:38 -0500
Processing by UsersController#login as HTML
  Parameters: {"user"=>{"email"=>"a@a.com", "password"=>"[FILTERED]"}}
  [1m[36mUser Load (0.4ms)[0m  [1m[34mSELECT  "users".* FROM "users" WHERE "users"."email" = $1 LIMIT $2[0m  [["email", "a@a.com"], ["LIMIT", 1]]
Completed 200 OK in 75ms (Views: 0.6ms | ActiveRecord: 0.4ms)


Started GET "/users/1/gifs" for ::1 at 2017-03-01 11:08:38 -0500
Processing by GifsController#index as HTML
  Parameters: {"user_id"=>"1"}
  [1m[36mUser Load (6.5ms)[0m  [1m[34mSELECT  "users".* FROM "users" WHERE "users"."id" = $1 LIMIT $2[0m  [["id", 1], ["LIMIT", 1]]
  [1m[36mGif Load (14.6ms)[0m  [1m[34mSELECT "gifs".* FROM "gifs" WHERE "gifs"."user_id" = $1[0m  [["user_id", 1]]
Completed 200 OK in 34ms (Views: 4.2ms | ActiveRecord: 21.1ms)


Started GET "/users/1/gifs" for ::1 at 2017-03-01 11:08:39 -0500
Processing by GifsController#index as HTML
  Parameters: {"user_id"=>"1"}
  [1m[36mUser Load (0.3ms)[0m  [1m[34mSELECT  "users".* FROM "users" WHERE "users"."id" = $1 LIMIT $2[0m  [["id", 1], ["LIMIT", 1]]
  [1m[36mGif Load (0.3ms)[0m  [1m[34mSELECT "gifs".* FROM "gifs" WHERE "gifs"."user_id" = $1[0m  [["user_id", 1]]
Completed 200 OK in 7ms (Views: 3.8ms | ActiveRecord: 0.6ms)


Started POST "/users/login" for ::1 at 2017-03-01 11:09:14 -0500
Processing by UsersController#login as HTML
  Parameters: {"user"=>{"email"=>"a@a.com", "password"=>"[FILTERED]"}}
  [1m[36mUser Load (0.2ms)[0m  [1m[34mSELECT  "users".* FROM "users" WHERE "users"."email" = $1 LIMIT $2[0m  [["email", "a@a.com"], ["LIMIT", 1]]
Completed 200 OK in 72ms (Views: 0.7ms | ActiveRecord: 0.2ms)


Started GET "/users/1/gifs" for ::1 at 2017-03-01 11:09:14 -0500
Processing by GifsController#index as HTML
  Parameters: {"user_id"=>"1"}
  [1m[36mUser Load (0.4ms)[0m  [1m[34mSELECT  "users".* FROM "users" WHERE "users"."id" = $1 LIMIT $2[0m  [["id", 1], ["LIMIT", 1]]
  [1m[36mGif Load (0.3ms)[0m  [1m[34mSELECT "gifs".* FROM "gifs" WHERE "gifs"."user_id" = $1[0m  [["user_id", 1]]
Completed 200 OK in 14ms (Views: 4.9ms | ActiveRecord: 0.7ms)


Started GET "/users/1/gifs" for ::1 at 2017-03-01 11:09:15 -0500
Processing by GifsController#index as HTML
  Parameters: {"user_id"=>"1"}
  [1m[36mUser Load (0.4ms)[0m  [1m[34mSELECT  "users".* FROM "users" WHERE "users"."id" = $1 LIMIT $2[0m  [["id", 1], ["LIMIT", 1]]
  [1m[36mGif Load (0.5ms)[0m  [1m[34mSELECT "gifs".* FROM "gifs" WHERE "gifs"."user_id" = $1[0m  [["user_id", 1]]
Completed 200 OK in 12ms (Views: 8.0ms | ActiveRecord: 0.9ms)


Started GET "/users/1/gifs" for ::1 at 2017-03-01 11:09:57 -0500
Processing by GifsController#index as HTML
  Parameters: {"user_id"=>"1"}
  [1m[36mUser Load (0.7ms)[0m  [1m[34mSELECT  "users".* FROM "users" WHERE "users"."id" = $1 LIMIT $2[0m  [["id", 1], ["LIMIT", 1]]
  [1m[36mGif Load (0.3ms)[0m  [1m[34mSELECT "gifs".* FROM "gifs" WHERE "gifs"."user_id" = $1[0m  [["user_id", 1]]
Completed 200 OK in 9ms (Views: 3.7ms | ActiveRecord: 0.9ms)


Started POST "/users/login" for ::1 at 2017-03-01 11:12:11 -0500
  [1m[36mActiveRecord::SchemaMigration Load (33.6ms)[0m  [1m[34mSELECT "schema_migrations".* FROM "schema_migrations"[0m
Processing by UsersController#login as HTML
  Parameters: {"user"=>{"email"=>"a@a.com", "password"=>"[FILTERED]"}}
  [1m[36mUser Load (46.3ms)[0m  [1m[34mSELECT  "users".* FROM "users" WHERE "users"."email" = $1 LIMIT $2[0m  [["email", "a@a.com"], ["LIMIT", 1]]
Completed 200 OK in 203ms (Views: 1.6ms | ActiveRecord: 78.8ms)


Started GET "/users/1/gifs" for ::1 at 2017-03-01 11:12:13 -0500
Processing by GifsController#index as HTML
  Parameters: {"user_id"=>"1"}
  [1m[36mUser Load (1.0ms)[0m  [1m[34mSELECT  "users".* FROM "users" WHERE "users"."id" = $1 LIMIT $2[0m  [["id", 1], ["LIMIT", 1]]
  [1m[36mGif Load (0.6ms)[0m  [1m[34mSELECT "gifs".* FROM "gifs" WHERE "gifs"."user_id" = $1[0m  [["user_id", 1]]
Completed 200 OK in 160ms (Views: 21.3ms | ActiveRecord: 7.3ms)


Started POST "/users/1/gifs" for ::1 at 2017-03-01 11:12:19 -0500
Processing by GifsController#create as HTML
  Parameters: {"url"=>"http://media0.giphy.com/media/wveqXsdhx4Aus/giphy.gif", "name"=>"derp", "user_id"=>"1", "gif"=>{"name"=>"derp", "url"=>"http://media0.giphy.com/media/wveqXsdhx4Aus/giphy.gif"}}
  [1m[36mUser Load (0.5ms)[0m  [1m[34mSELECT  "users".* FROM "users" WHERE "users"."id" = $1 LIMIT $2[0m  [["id", 1], ["LIMIT", 1]]
  [1m[35m (0.2ms)[0m  [1m[35mBEGIN[0m
  [1m[35mSQL (1.9ms)[0m  [1m[32mINSERT INTO "gifs" ("name", "url", "user_id", "created_at", "updated_at") VALUES ($1, $2, $3, $4, $5) RETURNING "id"[0m  [["name", "derp"], ["url", "http://media0.giphy.com/media/wveqXsdhx4Aus/giphy.gif"], ["user_id", 1], ["created_at", 2017-03-01 16:12:19 UTC], ["updated_at", 2017-03-01 16:12:19 UTC]]
  [1m[35m (2.0ms)[0m  [1m[35mCOMMIT[0m
Completed 200 OK in 17ms (Views: 1.3ms | ActiveRecord: 4.6ms)


Started PUT "/users/1/gifs/5" for ::1 at 2017-03-01 11:12:24 -0500
Processing by GifsController#update as HTML
  Parameters: {"name"=>"DERP", "url"=>"http://media0.giphy.com/media/wveqXsdhx4Aus/giphy.gif", "user_id"=>"1", "id"=>"5", "gif"=>{"name"=>"DERP", "url"=>"http://media0.giphy.com/media/wveqXsdhx4Aus/giphy.gif"}}
  [1m[36mGif Load (1.4ms)[0m  [1m[34mSELECT  "gifs".* FROM "gifs" WHERE "gifs"."id" = $1 LIMIT $2[0m  [["id", 5], ["LIMIT", 1]]
  [1m[35m (0.9ms)[0m  [1m[35mBEGIN[0m
  [1m[36mUser Load (0.4ms)[0m  [1m[34mSELECT  "users".* FROM "users" WHERE "users"."id" = $1 LIMIT $2[0m  [["id", 1], ["LIMIT", 1]]
  [1m[35mSQL (0.8ms)[0m  [1m[33mUPDATE "gifs" SET "name" = $1, "updated_at" = $2 WHERE "gifs"."id" = $3[0m  [["name", "DERP"], ["updated_at", 2017-03-01 16:12:24 UTC], ["id", 5]]
  [1m[35m (0.3ms)[0m  [1m[35mCOMMIT[0m
  [1m[36mUser Load (0.5ms)[0m  [1m[34mSELECT  "users".* FROM "users" WHERE "users"."id" = $1 LIMIT $2[0m  [["id", 1], ["LIMIT", 1]]
  [1m[36mGif Load (0.8ms)[0m  [1m[34mSELECT "gifs".* FROM "gifs" WHERE "gifs"."user_id" = $1[0m  [["user_id", 1]]
Completed 200 OK in 30ms (Views: 7.1ms | ActiveRecord: 5.1ms)


Started DELETE "/users/1/gifs/undefined" for ::1 at 2017-03-01 11:12:27 -0500
Processing by GifsController#destroy as HTML
  Parameters: {"user_id"=>"1", "id"=>"undefined"}
  [1m[36mGif Load (1.9ms)[0m  [1m[34mSELECT  "gifs".* FROM "gifs" WHERE "gifs"."id" = $1 LIMIT $2[0m  [["id", 0], ["LIMIT", 1]]
Completed 404 Not Found in 4ms (ActiveRecord: 1.9ms)


  
ActiveRecord::RecordNotFound (Couldn't find Gif with 'id'=undefined):
  
app/controllers/gifs_controller.rb:27:in `destroy'
Started POST "/users/login" for ::1 at 2017-03-01 11:13:16 -0500
Processing by UsersController#login as HTML
  Parameters: {"user"=>{"email"=>"a@a.com", "password"=>"[FILTERED]"}}
  [1m[36mUser Load (0.7ms)[0m  [1m[34mSELECT  "users".* FROM "users" WHERE "users"."email" = $1 LIMIT $2[0m  [["email", "a@a.com"], ["LIMIT", 1]]
Completed 200 OK in 85ms (Views: 0.7ms | ActiveRecord: 0.7ms)


Started GET "/users/1/gifs" for ::1 at 2017-03-01 11:13:16 -0500
Processing by GifsController#index as HTML
  Parameters: {"user_id"=>"1"}
  [1m[36mUser Load (0.4ms)[0m  [1m[34mSELECT  "users".* FROM "users" WHERE "users"."id" = $1 LIMIT $2[0m  [["id", 1], ["LIMIT", 1]]
  [1m[36mGif Load (1.2ms)[0m  [1m[34mSELECT "gifs".* FROM "gifs" WHERE "gifs"."user_id" = $1[0m  [["user_id", 1]]
Completed 200 OK in 102ms (Views: 20.5ms | ActiveRecord: 1.6ms)


Started GET "/users/1/gifs" for ::1 at 2017-03-01 11:13:17 -0500
Processing by GifsController#index as HTML
  Parameters: {"user_id"=>"1"}
  [1m[36mUser Load (0.4ms)[0m  [1m[34mSELECT  "users".* FROM "users" WHERE "users"."id" = $1 LIMIT $2[0m  [["id", 1], ["LIMIT", 1]]
  [1m[36mGif Load (0.5ms)[0m  [1m[34mSELECT "gifs".* FROM "gifs" WHERE "gifs"."user_id" = $1[0m  [["user_id", 1]]
Completed 200 OK in 11ms (Views: 5.0ms | ActiveRecord: 1.0ms)


Started POST "/users/login" for ::1 at 2017-03-01 11:15:02 -0500
Processing by UsersController#login as HTML
  Parameters: {"user"=>{"email"=>"a@a.com", "password"=>"[FILTERED]"}}
  [1m[36mUser Load (0.8ms)[0m  [1m[34mSELECT  "users".* FROM "users" WHERE "users"."email" = $1 LIMIT $2[0m  [["email", "a@a.com"], ["LIMIT", 1]]
Completed 200 OK in 264ms (Views: 1.6ms | ActiveRecord: 0.8ms)


Started GET "/users/1/gifs" for ::1 at 2017-03-01 11:15:03 -0500
Processing by GifsController#index as HTML
  Parameters: {"user_id"=>"1"}
  [1m[36mUser Load (3.1ms)[0m  [1m[34mSELECT  "users".* FROM "users" WHERE "users"."id" = $1 LIMIT $2[0m  [["id", 1], ["LIMIT", 1]]
  [1m[36mGif Load (0.7ms)[0m  [1m[34mSELECT "gifs".* FROM "gifs" WHERE "gifs"."user_id" = $1[0m  [["user_id", 1]]
Completed 200 OK in 174ms (Views: 85.5ms | ActiveRecord: 3.8ms)


Started GET "/users/1/gifs" for ::1 at 2017-03-01 11:15:05 -0500
Processing by GifsController#index as HTML
  Parameters: {"user_id"=>"1"}
  [1m[36mUser Load (0.7ms)[0m  [1m[34mSELECT  "users".* FROM "users" WHERE "users"."id" = $1 LIMIT $2[0m  [["id", 1], ["LIMIT", 1]]
  [1m[36mGif Load (0.5ms)[0m  [1m[34mSELECT "gifs".* FROM "gifs" WHERE "gifs"."user_id" = $1[0m  [["user_id", 1]]
Completed 200 OK in 9ms (Views: 4.9ms | ActiveRecord: 1.2ms)


Started DELETE "/users/1/gifs/2" for ::1 at 2017-03-01 11:15:06 -0500
Processing by GifsController#destroy as HTML
  Parameters: {"user_id"=>"1", "id"=>"2"}
  [1m[36mGif Load (0.8ms)[0m  [1m[34mSELECT  "gifs".* FROM "gifs" WHERE "gifs"."id" = $1 LIMIT $2[0m  [["id", 2], ["LIMIT", 1]]
  [1m[35m (0.2ms)[0m  [1m[35mBEGIN[0m
  [1m[35mSQL (0.9ms)[0m  [1m[31mDELETE FROM "gifs" WHERE "gifs"."id" = $1[0m  [["id", 2]]
  [1m[35m (2.1ms)[0m  [1m[35mCOMMIT[0m
  [1m[36mUser Load (2.3ms)[0m  [1m[34mSELECT  "users".* FROM "users" WHERE "users"."id" = $1 LIMIT $2[0m  [["id", 1], ["LIMIT", 1]]
  [1m[36mGif Load (0.4ms)[0m  [1m[34mSELECT "gifs".* FROM "gifs" WHERE "gifs"."user_id" = $1[0m  [["user_id", 1]]
Completed 200 OK in 22ms (Views: 5.3ms | ActiveRecord: 6.6ms)


Started DELETE "/users/1/gifs/3" for ::1 at 2017-03-01 11:15:08 -0500
Processing by GifsController#destroy as HTML
  Parameters: {"user_id"=>"1", "id"=>"3"}
  [1m[36mGif Load (1.3ms)[0m  [1m[34mSELECT  "gifs".* FROM "gifs" WHERE "gifs"."id" = $1 LIMIT $2[0m  [["id", 3], ["LIMIT", 1]]
  [1m[35m (0.5ms)[0m  [1m[35mBEGIN[0m
  [1m[35mSQL (5.7ms)[0m  [1m[31mDELETE FROM "gifs" WHERE "gifs"."id" = $1[0m  [["id", 3]]
  [1m[35m (6.6ms)[0m  [1m[35mCOMMIT[0m
  [1m[36mUser Load (0.8ms)[0m  [1m[34mSELECT  "users".* FROM "users" WHERE "users"."id" = $1 LIMIT $2[0m  [["id", 1], ["LIMIT", 1]]
  [1m[36mGif Load (1.0ms)[0m  [1m[34mSELECT "gifs".* FROM "gifs" WHERE "gifs"."user_id" = $1[0m  [["user_id", 1]]
Completed 200 OK in 31ms (Views: 5.8ms | ActiveRecord: 16.0ms)


Started DELETE "/users/1/gifs/4" for ::1 at 2017-03-01 11:15:09 -0500
Processing by GifsController#destroy as HTML
  Parameters: {"user_id"=>"1", "id"=>"4"}
  [1m[36mGif Load (0.7ms)[0m  [1m[34mSELECT  "gifs".* FROM "gifs" WHERE "gifs"."id" = $1 LIMIT $2[0m  [["id", 4], ["LIMIT", 1]]
  [1m[35m (0.2ms)[0m  [1m[35mBEGIN[0m
  [1m[35mSQL (0.6ms)[0m  [1m[31mDELETE FROM "gifs" WHERE "gifs"."id" = $1[0m  [["id", 4]]
  [1m[35m (0.7ms)[0m  [1m[35mCOMMIT[0m
  [1m[36mUser Load (3.3ms)[0m  [1m[34mSELECT  "users".* FROM "users" WHERE "users"."id" = $1 LIMIT $2[0m  [["id", 1], ["LIMIT", 1]]
  [1m[36mGif Load (0.4ms)[0m  [1m[34mSELECT "gifs".* FROM "gifs" WHERE "gifs"."user_id" = $1[0m  [["user_id", 1]]
Completed 200 OK in 18ms (Views: 3.8ms | ActiveRecord: 5.9ms)


Started DELETE "/users/1/gifs/1" for ::1 at 2017-03-01 11:15:09 -0500
Processing by GifsController#destroy as HTML
  Parameters: {"user_id"=>"1", "id"=>"1"}
  [1m[36mGif Load (1.9ms)[0m  [1m[34mSELECT  "gifs".* FROM "gifs" WHERE "gifs"."id" = $1 LIMIT $2[0m  [["id", 1], ["LIMIT", 1]]
  [1m[35m (0.7ms)[0m  [1m[35mBEGIN[0m
  [1m[35mSQL (1.1ms)[0m  [1m[31mDELETE FROM "gifs" WHERE "gifs"."id" = $1[0m  [["id", 1]]
  [1m[35m (2.8ms)[0m  [1m[35mCOMMIT[0m
  [1m[36mUser Load (1.3ms)[0m  [1m[34mSELECT  "users".* FROM "users" WHERE "users"."id" = $1 LIMIT $2[0m  [["id", 1], ["LIMIT", 1]]
  [1m[36mGif Load (3.1ms)[0m  [1m[34mSELECT "gifs".* FROM "gifs" WHERE "gifs"."user_id" = $1[0m  [["user_id", 1]]
Completed 200 OK in 26ms (Views: 3.1ms | ActiveRecord: 10.9ms)


Started DELETE "/users/1/gifs/5" for ::1 at 2017-03-01 11:15:10 -0500
Processing by GifsController#destroy as HTML
  Parameters: {"user_id"=>"1", "id"=>"5"}
  [1m[36mGif Load (0.7ms)[0m  [1m[34mSELECT  "gifs".* FROM "gifs" WHERE "gifs"."id" = $1 LIMIT $2[0m  [["id", 5], ["LIMIT", 1]]
  [1m[35m (0.3ms)[0m  [1m[35mBEGIN[0m
  [1m[35mSQL (0.5ms)[0m  [1m[31mDELETE FROM "gifs" WHERE "gifs"."id" = $1[0m  [["id", 5]]
  [1m[35m (2.3ms)[0m  [1m[35mCOMMIT[0m
  [1m[36mUser Load (0.4ms)[0m  [1m[34mSELECT  "users".* FROM "users" WHERE "users"."id" = $1 LIMIT $2[0m  [["id", 1], ["LIMIT", 1]]
  [1m[36mGif Load (0.3ms)[0m  [1m[34mSELECT "gifs".* FROM "gifs" WHERE "gifs"."user_id" = $1[0m  [["user_id", 1]]
Completed 200 OK in 13ms (Views: 1.8ms | ActiveRecord: 4.5ms)


Started DELETE "/users/1/gifs/undefined" for ::1 at 2017-03-01 11:24:02 -0500
Processing by GifsController#destroy as HTML
  Parameters: {"user_id"=>"1", "id"=>"undefined"}
  [1m[36mGif Load (1.3ms)[0m  [1m[34mSELECT  "gifs".* FROM "gifs" WHERE "gifs"."id" = $1 LIMIT $2[0m  [["id", 0], ["LIMIT", 1]]
Completed 404 Not Found in 21ms (ActiveRecord: 1.3ms)


  
ActiveRecord::RecordNotFound (Couldn't find Gif with 'id'=undefined):
  
app/controllers/gifs_controller.rb:27:in `destroy'
